[2020-05-29 12:07:24] local.ERROR: ErrorException: include(/home/wwwroot/xiechengfuwu.cn/vendor/composer/../../app/Services/GenerateServices.php): failed to open stream: No such file or directory in /home/wwwroot/xiechengfuwu.cn/vendor/composer/ClassLoader.php:444
Stack trace:
#0 /home/wwwroot/xiechengfuwu.cn/vendor/composer/ClassLoader.php(444): Illuminate\Foundation\Bootstrap\HandleExceptions->handleError(2, 'include(/home/w...', '/home/wwwroot/x...', 444, Array)
#1 /home/wwwroot/xiechengfuwu.cn/vendor/composer/ClassLoader.php(444): include()
#2 /home/wwwroot/xiechengfuwu.cn/vendor/composer/ClassLoader.php(322): Composer\Autoload\includeFile('/home/wwwroot/x...')
#3 [internal function]: Composer\Autoload\ClassLoader->loadClass('App\\Services\\Ge...')
#4 /home/wwwroot/xiechengfuwu.cn/app/Http/Controllers/Api/V1/ScanController.php(61): spl_autoload_call('App\\Services\\Ge...')
#5 [internal function]: App\Http\Controllers\Api\V1\ScanController->identify(Object(Dingo\Api\Http\Request))
#6 /home/wwwroot/xiechengfuwu.cn/vendor/laravel/framework/src/Illuminate/Routing/Controller.php(54): call_user_func_array(Array, Array)
#7 /home/wwwroot/xiechengfuwu.cn/vendor/laravel/framework/src/Illuminate/Routing/ControllerDispatcher.php(45): Illuminate\Routing\Controller->callAction('identify', Array)
#8 /home/wwwroot/xiechengfuwu.cn/vendor/laravel/framework/src/Illuminate/Routing/Route.php(219): Illuminate\Routing\ControllerDispatcher->dispatch(Object(Illuminate\Routing\Route), Object(App\Http\Controllers\Api\V1\ScanController), 'identify')
#9 /home/wwwroot/xiechengfuwu.cn/vendor/laravel/framework/src/Illuminate/Routing/Route.php(176): Illuminate\Routing\Route->runController()
#10 /home/wwwroot/xiechengfuwu.cn/vendor/laravel/framework/src/Illuminate/Routing/Router.php(681): Illuminate\Routing\Route->run()
#11 /home/wwwroot/xiechengfuwu.cn/vendor/laravel/framework/src/Illuminate/Pipeline/Pipeline.php(130): Illuminate\Routing\Router->Illuminate\Routing\{closure}(Object(Dingo\Api\Http\Request))
#12 /home/wwwroot/xiechengfuwu.cn/app/Http/Middleware/RefreshToken.php(31): Illuminate\Pipeline\Pipeline->Illuminate\Pipeline\{closure}(Object(Dingo\Api\Http\Request))
#13 /home/wwwroot/xiechengfuwu.cn/vendor/laravel/framework/src/Illuminate/Pipeline/Pipeline.php(171): App\Http\Middleware\RefreshToken->handle(Object(Dingo\Api\Http\Request), Object(Closure))
#14 /home/wwwroot/xiechengfuwu.cn/vendor/dingo/api/src/Http/Middleware/PrepareController.php(45): Illuminate\Pipeline\Pipeline->Illuminate\Pipeline\{closure}(Object(Dingo\Api\Http\Request))
#15 /home/wwwroot/xiechengfuwu.cn/vendor/laravel/framework/src/Illuminate/Pipeline/Pipeline.php(171): Dingo\Api\Http\Middleware\PrepareController->handle(Object(Dingo\Api\Http\Request), Object(Closure))
#16 /home/wwwroot/xiechengfuwu.cn/vendor/laravel/framework/src/Illuminate/Pipeline/Pipeline.php(105): Illuminate\Pipeline\Pipeline->Illuminate\Pipeline\{closure}(Object(Dingo\Api\Http\Request))
#17 /home/wwwroot/xiechengfuwu.cn/vendor/laravel/framework/src/Illuminate/Routing/Router.php(683): Illuminate\Pipeline\Pipeline->then(Object(Closure))
#18 /home/wwwroot/xiechengfuwu.cn/vendor/laravel/framework/src/Illuminate/Routing/Router.php(658): Illuminate\Routing\Router->runRouteWithinStack(Object(Illuminate\Routing\Route), Object(Dingo\Api\Http\Request))
#19 /home/wwwroot/xiechengfuwu.cn/vendor/laravel/framework/src/Illuminate/Routing/Router.php(624): Illuminate\Routing\Router->runRoute(Object(Dingo\Api\Http\Request), Object(Illuminate\Routing\Route))
#20 /home/wwwroot/xiechengfuwu.cn/vendor/laravel/framework/src/Illuminate/Routing/Router.php(613): Illuminate\Routing\Router->dispatchToRoute(Object(Dingo\Api\Http\Request))
#21 /home/wwwroot/xiechengfuwu.cn/vendor/dingo/api/src/Routing/Adapter/Laravel.php(88): Illuminate\Routing\Router->dispatch(Object(Dingo\Api\Http\Request))
#22 /home/wwwroot/xiechengfuwu.cn/vendor/dingo/api/src/Routing/Router.php(518): Dingo\Api\Routing\Adapter\Laravel->dispatch(Object(Dingo\Api\Http\Request), 'v1')
#23 /home/wwwroot/xiechengfuwu.cn/vendor/dingo/api/src/Http/Middleware/Request.php(126): Dingo\Api\Routing\Router->dispatch(Object(Dingo\Api\Http\Request))
#24 /home/wwwroot/xiechengfuwu.cn/vendor/laravel/framework/src/Illuminate/Pipeline/Pipeline.php(130): Dingo\Api\Http\Middleware\Request->Dingo\Api\Http\Middleware\{closure}(Object(Dingo\Api\Http\Request))
#25 /home/wwwroot/xiechengfuwu.cn/vendor/barryvdh/laravel-debugbar/src/Middleware/InjectDebugbar.php(58): Illuminate\Pipeline\Pipeline->Illuminate\Pipeline\{closure}(Object(Dingo\Api\Http\Request))
#26 /home/wwwroot/xiechengfuwu.cn/vendor/laravel/framework/src/Illuminate/Pipeline/Pipeline.php(171): Barryvdh\Debugbar\Middleware\InjectDebugbar->handle(Object(Dingo\Api\Http\Request), Object(Closure))
#27 /home/wwwroot/xiechengfuwu.cn/vendor/fruitcake/laravel-cors/src/HandleCors.php(37): Illuminate\Pipeline\Pipeline->Illuminate\Pipeline\{closure}(Object(Dingo\Api\Http\Request))
#28 /home/wwwroot/xiechengfuwu.cn/vendor/laravel/framework/src/Illuminate/Pipeline/Pipeline.php(171): Fruitcake\Cors\HandleCors->handle(Object(Dingo\Api\Http\Request), Object(Closure))
#29 /home/wwwroot/xiechengfuwu.cn/vendor/laravel/framework/src/Illuminate/Foundation/Http/Middleware/TransformsRequest.php(21): Illuminate\Pipeline\Pipeline->Illuminate\Pipeline\{closure}(Object(Dingo\Api\Http\Request))
#30 /home/wwwroot/xiechengfuwu.cn/vendor/laravel/framework/src/Illuminate/Pipeline/Pipeline.php(171): Illuminate\Foundation\Http\Middleware\TransformsRequest->handle(Object(Dingo\Api\Http\Request), Object(Closure))
#31 /home/wwwroot/xiechengfuwu.cn/vendor/laravel/framework/src/Illuminate/Foundation/Http/Middleware/TransformsRequest.php(21): Illuminate\Pipeline\Pipeline->Illuminate\Pipeline\{closure}(Object(Dingo\Api\Http\Request))
#32 /home/wwwroot/xiechengfuwu.cn/vendor/laravel/framework/src/Illuminate/Pipeline/Pipeline.php(171): Illuminate\Foundation\Http\Middleware\TransformsRequest->handle(Object(Dingo\Api\Http\Request), Object(Closure))
#33 /home/wwwroot/xiechengfuwu.cn/vendor/laravel/framework/src/Illuminate/Foundation/Http/Middleware/ValidatePostSize.php(27): Illuminate\Pipeline\Pipeline->Illuminate\Pipeline\{closure}(Object(Dingo\Api\Http\Request))
#34 /home/wwwroot/xiechengfuwu.cn/vendor/laravel/framework/src/Illuminate/Pipeline/Pipeline.php(171): Illuminate\Foundation\Http\Middleware\ValidatePostSize->handle(Object(Dingo\Api\Http\Request), Object(Closure))
#35 /home/wwwroot/xiechengfuwu.cn/vendor/laravel/framework/src/Illuminate/Foundation/Http/Middleware/CheckForMaintenanceMode.php(63): Illuminate\Pipeline\Pipeline->Illuminate\Pipeline\{closure}(Object(Dingo\Api\Http\Request))
#36 /home/wwwroot/xiechengfuwu.cn/vendor/laravel/framework/src/Illuminate/Pipeline/Pipeline.php(171): Illuminate\Foundation\Http\Middleware\CheckForMaintenanceMode->handle(Object(Dingo\Api\Http\Request), Object(Closure))
#37 /home/wwwroot/xiechengfuwu.cn/vendor/fideloper/proxy/src/TrustProxies.php(57): Illuminate\Pipeline\Pipeline->Illuminate\Pipeline\{closure}(Object(Dingo\Api\Http\Request))
#38 /home/wwwroot/xiechengfuwu.cn/vendor/laravel/framework/src/Illuminate/Pipeline/Pipeline.php(171): Fideloper\Proxy\TrustProxies->handle(Object(Dingo\Api\Http\Request), Object(Closure))
#39 /home/wwwroot/xiechengfuwu.cn/vendor/laravel/framework/src/Illuminate/Pipeline/Pipeline.php(105): Illuminate\Pipeline\Pipeline->Illuminate\Pipeline\{closure}(Object(Dingo\Api\Http\Request))
#40 /home/wwwroot/xiechengfuwu.cn/vendor/dingo/api/src/Http/Middleware/Request.php(127): Illuminate\Pipeline\Pipeline->then(Object(Closure))
#41 /home/wwwroot/xiechengfuwu.cn/vendor/dingo/api/src/Http/Middleware/Request.php(103): Dingo\Api\Http\Middleware\Request->sendRequestThroughRouter(Object(Dingo\Api\Http\Request))
#42 /home/wwwroot/xiechengfuwu.cn/vendor/laravel/framework/src/Illuminate/Pipeline/Pipeline.php(171): Dingo\Api\Http\Middleware\Request->handle(Object(Dingo\Api\Http\Request), Object(Closure))
#43 /home/wwwroot/xiechengfuwu.cn/vendor/laravel/framework/src/Illuminate/Pipeline/Pipeline.php(105): Illuminate\Pipeline\Pipeline->Illuminate\Pipeline\{closure}(Object(Illuminate\Http\Request))
#44 /home/wwwroot/xiechengfuwu.cn/vendor/laravel/framework/src/Illuminate/Foundation/Http/Kernel.php(145): Illuminate\Pipeline\Pipeline->then(Object(Closure))
#45 /home/wwwroot/xiechengfuwu.cn/vendor/laravel/framework/src/Illuminate/Foundation/Http/Kernel.php(110): Illuminate\Foundation\Http\Kernel->sendRequestThroughRouter(Object(Illuminate\Http\Request))
#46 /home/wwwroot/xiechengfuwu.cn/public/index.php(55): Illuminate\Foundation\Http\Kernel->handle(Object(Illuminate\Http\Request))
#47 {main} ["App\\Http\\Controllers\\Api\\V1\\ScanController::identify"] 
[2020-05-29 12:15:21] local.ERROR: ErrorException: Undefined offset: 0 in /home/wwwroot/xiechengfuwu.cn/app/Services/IdentifyServices.php:286
Stack trace:
#0 /home/wwwroot/xiechengfuwu.cn/app/Services/IdentifyServices.php(286): Illuminate\Foundation\Bootstrap\HandleExceptions->handleError(8, 'Undefined offse...', '/home/wwwroot/x...', 286, Array)
#1 /home/wwwroot/xiechengfuwu.cn/app/Services/IdentifyServices.php(470): App\Services\IdentifyServices->getClearZero(Array)
#2 /home/wwwroot/xiechengfuwu.cn/app/Services/GenerateServices.php(66): App\Services\IdentifyServices->getLine()
#3 /home/wwwroot/xiechengfuwu.cn/app/Http/Controllers/Api/V1/ScanController.php(61): App\Services\GenerateServices::parsePicture('/9j/4AAQSkZJRgA...')
#4 [internal function]: App\Http\Controllers\Api\V1\ScanController->identify(Object(Dingo\Api\Http\Request))
#5 /home/wwwroot/xiechengfuwu.cn/vendor/laravel/framework/src/Illuminate/Routing/Controller.php(54): call_user_func_array(Array, Array)
#6 /home/wwwroot/xiechengfuwu.cn/vendor/laravel/framework/src/Illuminate/Routing/ControllerDispatcher.php(45): Illuminate\Routing\Controller->callAction('identify', Array)
#7 /home/wwwroot/xiechengfuwu.cn/vendor/laravel/framework/src/Illuminate/Routing/Route.php(219): Illuminate\Routing\ControllerDispatcher->dispatch(Object(Illuminate\Routing\Route), Object(App\Http\Controllers\Api\V1\ScanController), 'identify')
#8 /home/wwwroot/xiechengfuwu.cn/vendor/laravel/framework/src/Illuminate/Routing/Route.php(176): Illuminate\Routing\Route->runController()
#9 /home/wwwroot/xiechengfuwu.cn/vendor/laravel/framework/src/Illuminate/Routing/Router.php(681): Illuminate\Routing\Route->run()
#10 /home/wwwroot/xiechengfuwu.cn/vendor/laravel/framework/src/Illuminate/Pipeline/Pipeline.php(130): Illuminate\Routing\Router->Illuminate\Routing\{closure}(Object(Dingo\Api\Http\Request))
#11 /home/wwwroot/xiechengfuwu.cn/app/Http/Middleware/RefreshToken.php(31): Illuminate\Pipeline\Pipeline->Illuminate\Pipeline\{closure}(Object(Dingo\Api\Http\Request))
#12 /home/wwwroot/xiechengfuwu.cn/vendor/laravel/framework/src/Illuminate/Pipeline/Pipeline.php(171): App\Http\Middleware\RefreshToken->handle(Object(Dingo\Api\Http\Request), Object(Closure))
#13 /home/wwwroot/xiechengfuwu.cn/vendor/dingo/api/src/Http/Middleware/PrepareController.php(45): Illuminate\Pipeline\Pipeline->Illuminate\Pipeline\{closure}(Object(Dingo\Api\Http\Request))
#14 /home/wwwroot/xiechengfuwu.cn/vendor/laravel/framework/src/Illuminate/Pipeline/Pipeline.php(171): Dingo\Api\Http\Middleware\PrepareController->handle(Object(Dingo\Api\Http\Request), Object(Closure))
#15 /home/wwwroot/xiechengfuwu.cn/vendor/laravel/framework/src/Illuminate/Pipeline/Pipeline.php(105): Illuminate\Pipeline\Pipeline->Illuminate\Pipeline\{closure}(Object(Dingo\Api\Http\Request))
#16 /home/wwwroot/xiechengfuwu.cn/vendor/laravel/framework/src/Illuminate/Routing/Router.php(683): Illuminate\Pipeline\Pipeline->then(Object(Closure))
#17 /home/wwwroot/xiechengfuwu.cn/vendor/laravel/framework/src/Illuminate/Routing/Router.php(658): Illuminate\Routing\Router->runRouteWithinStack(Object(Illuminate\Routing\Route), Object(Dingo\Api\Http\Request))
#18 /home/wwwroot/xiechengfuwu.cn/vendor/laravel/framework/src/Illuminate/Routing/Router.php(624): Illuminate\Routing\Router->runRoute(Object(Dingo\Api\Http\Request), Object(Illuminate\Routing\Route))
#19 /home/wwwroot/xiechengfuwu.cn/vendor/laravel/framework/src/Illuminate/Routing/Router.php(613): Illuminate\Routing\Router->dispatchToRoute(Object(Dingo\Api\Http\Request))
#20 /home/wwwroot/xiechengfuwu.cn/vendor/dingo/api/src/Routing/Adapter/Laravel.php(88): Illuminate\Routing\Router->dispatch(Object(Dingo\Api\Http\Request))
#21 /home/wwwroot/xiechengfuwu.cn/vendor/dingo/api/src/Routing/Router.php(518): Dingo\Api\Routing\Adapter\Laravel->dispatch(Object(Dingo\Api\Http\Request), 'v1')
#22 /home/wwwroot/xiechengfuwu.cn/vendor/dingo/api/src/Http/Middleware/Request.php(126): Dingo\Api\Routing\Router->dispatch(Object(Dingo\Api\Http\Request))
#23 /home/wwwroot/xiechengfuwu.cn/vendor/laravel/framework/src/Illuminate/Pipeline/Pipeline.php(130): Dingo\Api\Http\Middleware\Request->Dingo\Api\Http\Middleware\{closure}(Object(Dingo\Api\Http\Request))
#24 /home/wwwroot/xiechengfuwu.cn/vendor/barryvdh/laravel-debugbar/src/Middleware/InjectDebugbar.php(58): Illuminate\Pipeline\Pipeline->Illuminate\Pipeline\{closure}(Object(Dingo\Api\Http\Request))
#25 /home/wwwroot/xiechengfuwu.cn/vendor/laravel/framework/src/Illuminate/Pipeline/Pipeline.php(171): Barryvdh\Debugbar\Middleware\InjectDebugbar->handle(Object(Dingo\Api\Http\Request), Object(Closure))
#26 /home/wwwroot/xiechengfuwu.cn/vendor/fruitcake/laravel-cors/src/HandleCors.php(37): Illuminate\Pipeline\Pipeline->Illuminate\Pipeline\{closure}(Object(Dingo\Api\Http\Request))
#27 /home/wwwroot/xiechengfuwu.cn/vendor/laravel/framework/src/Illuminate/Pipeline/Pipeline.php(171): Fruitcake\Cors\HandleCors->handle(Object(Dingo\Api\Http\Request), Object(Closure))
#28 /home/wwwroot/xiechengfuwu.cn/vendor/laravel/framework/src/Illuminate/Foundation/Http/Middleware/TransformsRequest.php(21): Illuminate\Pipeline\Pipeline->Illuminate\Pipeline\{closure}(Object(Dingo\Api\Http\Request))
#29 /home/wwwroot/xiechengfuwu.cn/vendor/laravel/framework/src/Illuminate/Pipeline/Pipeline.php(171): Illuminate\Foundation\Http\Middleware\TransformsRequest->handle(Object(Dingo\Api\Http\Request), Object(Closure))
#30 /home/wwwroot/xiechengfuwu.cn/vendor/laravel/framework/src/Illuminate/Foundation/Http/Middleware/TransformsRequest.php(21): Illuminate\Pipeline\Pipeline->Illuminate\Pipeline\{closure}(Object(Dingo\Api\Http\Request))
#31 /home/wwwroot/xiechengfuwu.cn/vendor/laravel/framework/src/Illuminate/Pipeline/Pipeline.php(171): Illuminate\Foundation\Http\Middleware\TransformsRequest->handle(Object(Dingo\Api\Http\Request), Object(Closure))
#32 /home/wwwroot/xiechengfuwu.cn/vendor/laravel/framework/src/Illuminate/Foundation/Http/Middleware/ValidatePostSize.php(27): Illuminate\Pipeline\Pipeline->Illuminate\Pipeline\{closure}(Object(Dingo\Api\Http\Request))
#33 /home/wwwroot/xiechengfuwu.cn/vendor/laravel/framework/src/Illuminate/Pipeline/Pipeline.php(171): Illuminate\Foundation\Http\Middleware\ValidatePostSize->handle(Object(Dingo\Api\Http\Request), Object(Closure))
#34 /home/wwwroot/xiechengfuwu.cn/vendor/laravel/framework/src/Illuminate/Foundation/Http/Middleware/CheckForMaintenanceMode.php(63): Illuminate\Pipeline\Pipeline->Illuminate\Pipeline\{closure}(Object(Dingo\Api\Http\Request))
#35 /home/wwwroot/xiechengfuwu.cn/vendor/laravel/framework/src/Illuminate/Pipeline/Pipeline.php(171): Illuminate\Foundation\Http\Middleware\CheckForMaintenanceMode->handle(Object(Dingo\Api\Http\Request), Object(Closure))
#36 /home/wwwroot/xiechengfuwu.cn/vendor/fideloper/proxy/src/TrustProxies.php(57): Illuminate\Pipeline\Pipeline->Illuminate\Pipeline\{closure}(Object(Dingo\Api\Http\Request))
#37 /home/wwwroot/xiechengfuwu.cn/vendor/laravel/framework/src/Illuminate/Pipeline/Pipeline.php(171): Fideloper\Proxy\TrustProxies->handle(Object(Dingo\Api\Http\Request), Object(Closure))
#38 /home/wwwroot/xiechengfuwu.cn/vendor/laravel/framework/src/Illuminate/Pipeline/Pipeline.php(105): Illuminate\Pipeline\Pipeline->Illuminate\Pipeline\{closure}(Object(Dingo\Api\Http\Request))
#39 /home/wwwroot/xiechengfuwu.cn/vendor/dingo/api/src/Http/Middleware/Request.php(127): Illuminate\Pipeline\Pipeline->then(Object(Closure))
#40 /home/wwwroot/xiechengfuwu.cn/vendor/dingo/api/src/Http/Middleware/Request.php(103): Dingo\Api\Http\Middleware\Request->sendRequestThroughRouter(Object(Dingo\Api\Http\Request))
#41 /home/wwwroot/xiechengfuwu.cn/vendor/laravel/framework/src/Illuminate/Pipeline/Pipeline.php(171): Dingo\Api\Http\Middleware\Request->handle(Object(Dingo\Api\Http\Request), Object(Closure))
#42 /home/wwwroot/xiechengfuwu.cn/vendor/laravel/framework/src/Illuminate/Pipeline/Pipeline.php(105): Illuminate\Pipeline\Pipeline->Illuminate\Pipeline\{closure}(Object(Illuminate\Http\Request))
#43 /home/wwwroot/xiechengfuwu.cn/vendor/laravel/framework/src/Illuminate/Foundation/Http/Kernel.php(145): Illuminate\Pipeline\Pipeline->then(Object(Closure))
#44 /home/wwwroot/xiechengfuwu.cn/vendor/laravel/framework/src/Illuminate/Foundation/Http/Kernel.php(110): Illuminate\Foundation\Http\Kernel->sendRequestThroughRouter(Object(Illuminate\Http\Request))
#45 /home/wwwroot/xiechengfuwu.cn/public/index.php(55): Illuminate\Foundation\Http\Kernel->handle(Object(Illuminate\Http\Request))
#46 {main} ["App\\Http\\Controllers\\Api\\V1\\ScanController::identify"] 
[2020-05-29 12:16:01] local.ERROR: ErrorException: Undefined offset: 0 in /home/wwwroot/xiechengfuwu.cn/app/Services/IdentifyServices.php:286
Stack trace:
#0 /home/wwwroot/xiechengfuwu.cn/app/Services/IdentifyServices.php(286): Illuminate\Foundation\Bootstrap\HandleExceptions->handleError(8, 'Undefined offse...', '/home/wwwroot/x...', 286, Array)
#1 /home/wwwroot/xiechengfuwu.cn/app/Services/IdentifyServices.php(470): App\Services\IdentifyServices->getClearZero(Array)
#2 /home/wwwroot/xiechengfuwu.cn/app/Services/GenerateServices.php(66): App\Services\IdentifyServices->getLine()
#3 /home/wwwroot/xiechengfuwu.cn/app/Http/Controllers/Api/V1/ScanController.php(61): App\Services\GenerateServices::parsePicture('/9j/4AAQSkZJRgA...')
#4 [internal function]: App\Http\Controllers\Api\V1\ScanController->identify(Object(Dingo\Api\Http\Request))
#5 /home/wwwroot/xiechengfuwu.cn/vendor/laravel/framework/src/Illuminate/Routing/Controller.php(54): call_user_func_array(Array, Array)
#6 /home/wwwroot/xiechengfuwu.cn/vendor/laravel/framework/src/Illuminate/Routing/ControllerDispatcher.php(45): Illuminate\Routing\Controller->callAction('identify', Array)
#7 /home/wwwroot/xiechengfuwu.cn/vendor/laravel/framework/src/Illuminate/Routing/Route.php(219): Illuminate\Routing\ControllerDispatcher->dispatch(Object(Illuminate\Routing\Route), Object(App\Http\Controllers\Api\V1\ScanController), 'identify')
#8 /home/wwwroot/xiechengfuwu.cn/vendor/laravel/framework/src/Illuminate/Routing/Route.php(176): Illuminate\Routing\Route->runController()
#9 /home/wwwroot/xiechengfuwu.cn/vendor/laravel/framework/src/Illuminate/Routing/Router.php(681): Illuminate\Routing\Route->run()
#10 /home/wwwroot/xiechengfuwu.cn/vendor/laravel/framework/src/Illuminate/Pipeline/Pipeline.php(130): Illuminate\Routing\Router->Illuminate\Routing\{closure}(Object(Dingo\Api\Http\Request))
#11 /home/wwwroot/xiechengfuwu.cn/app/Http/Middleware/RefreshToken.php(31): Illuminate\Pipeline\Pipeline->Illuminate\Pipeline\{closure}(Object(Dingo\Api\Http\Request))
#12 /home/wwwroot/xiechengfuwu.cn/vendor/laravel/framework/src/Illuminate/Pipeline/Pipeline.php(171): App\Http\Middleware\RefreshToken->handle(Object(Dingo\Api\Http\Request), Object(Closure))
#13 /home/wwwroot/xiechengfuwu.cn/vendor/dingo/api/src/Http/Middleware/PrepareController.php(45): Illuminate\Pipeline\Pipeline->Illuminate\Pipeline\{closure}(Object(Dingo\Api\Http\Request))
#14 /home/wwwroot/xiechengfuwu.cn/vendor/laravel/framework/src/Illuminate/Pipeline/Pipeline.php(171): Dingo\Api\Http\Middleware\PrepareController->handle(Object(Dingo\Api\Http\Request), Object(Closure))
#15 /home/wwwroot/xiechengfuwu.cn/vendor/laravel/framework/src/Illuminate/Pipeline/Pipeline.php(105): Illuminate\Pipeline\Pipeline->Illuminate\Pipeline\{closure}(Object(Dingo\Api\Http\Request))
#16 /home/wwwroot/xiechengfuwu.cn/vendor/laravel/framework/src/Illuminate/Routing/Router.php(683): Illuminate\Pipeline\Pipeline->then(Object(Closure))
#17 /home/wwwroot/xiechengfuwu.cn/vendor/laravel/framework/src/Illuminate/Routing/Router.php(658): Illuminate\Routing\Router->runRouteWithinStack(Object(Illuminate\Routing\Route), Object(Dingo\Api\Http\Request))
#18 /home/wwwroot/xiechengfuwu.cn/vendor/laravel/framework/src/Illuminate/Routing/Router.php(624): Illuminate\Routing\Router->runRoute(Object(Dingo\Api\Http\Request), Object(Illuminate\Routing\Route))
#19 /home/wwwroot/xiechengfuwu.cn/vendor/laravel/framework/src/Illuminate/Routing/Router.php(613): Illuminate\Routing\Router->dispatchToRoute(Object(Dingo\Api\Http\Request))
#20 /home/wwwroot/xiechengfuwu.cn/vendor/dingo/api/src/Routing/Adapter/Laravel.php(88): Illuminate\Routing\Router->dispatch(Object(Dingo\Api\Http\Request))
#21 /home/wwwroot/xiechengfuwu.cn/vendor/dingo/api/src/Routing/Router.php(518): Dingo\Api\Routing\Adapter\Laravel->dispatch(Object(Dingo\Api\Http\Request), 'v1')
#22 /home/wwwroot/xiechengfuwu.cn/vendor/dingo/api/src/Http/Middleware/Request.php(126): Dingo\Api\Routing\Router->dispatch(Object(Dingo\Api\Http\Request))
#23 /home/wwwroot/xiechengfuwu.cn/vendor/laravel/framework/src/Illuminate/Pipeline/Pipeline.php(130): Dingo\Api\Http\Middleware\Request->Dingo\Api\Http\Middleware\{closure}(Object(Dingo\Api\Http\Request))
#24 /home/wwwroot/xiechengfuwu.cn/vendor/barryvdh/laravel-debugbar/src/Middleware/InjectDebugbar.php(58): Illuminate\Pipeline\Pipeline->Illuminate\Pipeline\{closure}(Object(Dingo\Api\Http\Request))
#25 /home/wwwroot/xiechengfuwu.cn/vendor/laravel/framework/src/Illuminate/Pipeline/Pipeline.php(171): Barryvdh\Debugbar\Middleware\InjectDebugbar->handle(Object(Dingo\Api\Http\Request), Object(Closure))
#26 /home/wwwroot/xiechengfuwu.cn/vendor/fruitcake/laravel-cors/src/HandleCors.php(37): Illuminate\Pipeline\Pipeline->Illuminate\Pipeline\{closure}(Object(Dingo\Api\Http\Request))
#27 /home/wwwroot/xiechengfuwu.cn/vendor/laravel/framework/src/Illuminate/Pipeline/Pipeline.php(171): Fruitcake\Cors\HandleCors->handle(Object(Dingo\Api\Http\Request), Object(Closure))
#28 /home/wwwroot/xiechengfuwu.cn/vendor/laravel/framework/src/Illuminate/Foundation/Http/Middleware/TransformsRequest.php(21): Illuminate\Pipeline\Pipeline->Illuminate\Pipeline\{closure}(Object(Dingo\Api\Http\Request))
#29 /home/wwwroot/xiechengfuwu.cn/vendor/laravel/framework/src/Illuminate/Pipeline/Pipeline.php(171): Illuminate\Foundation\Http\Middleware\TransformsRequest->handle(Object(Dingo\Api\Http\Request), Object(Closure))
#30 /home/wwwroot/xiechengfuwu.cn/vendor/laravel/framework/src/Illuminate/Foundation/Http/Middleware/TransformsRequest.php(21): Illuminate\Pipeline\Pipeline->Illuminate\Pipeline\{closure}(Object(Dingo\Api\Http\Request))
#31 /home/wwwroot/xiechengfuwu.cn/vendor/laravel/framework/src/Illuminate/Pipeline/Pipeline.php(171): Illuminate\Foundation\Http\Middleware\TransformsRequest->handle(Object(Dingo\Api\Http\Request), Object(Closure))
#32 /home/wwwroot/xiechengfuwu.cn/vendor/laravel/framework/src/Illuminate/Foundation/Http/Middleware/ValidatePostSize.php(27): Illuminate\Pipeline\Pipeline->Illuminate\Pipeline\{closure}(Object(Dingo\Api\Http\Request))
#33 /home/wwwroot/xiechengfuwu.cn/vendor/laravel/framework/src/Illuminate/Pipeline/Pipeline.php(171): Illuminate\Foundation\Http\Middleware\ValidatePostSize->handle(Object(Dingo\Api\Http\Request), Object(Closure))
#34 /home/wwwroot/xiechengfuwu.cn/vendor/laravel/framework/src/Illuminate/Foundation/Http/Middleware/CheckForMaintenanceMode.php(63): Illuminate\Pipeline\Pipeline->Illuminate\Pipeline\{closure}(Object(Dingo\Api\Http\Request))
#35 /home/wwwroot/xiechengfuwu.cn/vendor/laravel/framework/src/Illuminate/Pipeline/Pipeline.php(171): Illuminate\Foundation\Http\Middleware\CheckForMaintenanceMode->handle(Object(Dingo\Api\Http\Request), Object(Closure))
#36 /home/wwwroot/xiechengfuwu.cn/vendor/fideloper/proxy/src/TrustProxies.php(57): Illuminate\Pipeline\Pipeline->Illuminate\Pipeline\{closure}(Object(Dingo\Api\Http\Request))
#37 /home/wwwroot/xiechengfuwu.cn/vendor/laravel/framework/src/Illuminate/Pipeline/Pipeline.php(171): Fideloper\Proxy\TrustProxies->handle(Object(Dingo\Api\Http\Request), Object(Closure))
#38 /home/wwwroot/xiechengfuwu.cn/vendor/laravel/framework/src/Illuminate/Pipeline/Pipeline.php(105): Illuminate\Pipeline\Pipeline->Illuminate\Pipeline\{closure}(Object(Dingo\Api\Http\Request))
#39 /home/wwwroot/xiechengfuwu.cn/vendor/dingo/api/src/Http/Middleware/Request.php(127): Illuminate\Pipeline\Pipeline->then(Object(Closure))
#40 /home/wwwroot/xiechengfuwu.cn/vendor/dingo/api/src/Http/Middleware/Request.php(103): Dingo\Api\Http\Middleware\Request->sendRequestThroughRouter(Object(Dingo\Api\Http\Request))
#41 /home/wwwroot/xiechengfuwu.cn/vendor/laravel/framework/src/Illuminate/Pipeline/Pipeline.php(171): Dingo\Api\Http\Middleware\Request->handle(Object(Dingo\Api\Http\Request), Object(Closure))
#42 /home/wwwroot/xiechengfuwu.cn/vendor/laravel/framework/src/Illuminate/Pipeline/Pipeline.php(105): Illuminate\Pipeline\Pipeline->Illuminate\Pipeline\{closure}(Object(Illuminate\Http\Request))
#43 /home/wwwroot/xiechengfuwu.cn/vendor/laravel/framework/src/Illuminate/Foundation/Http/Kernel.php(145): Illuminate\Pipeline\Pipeline->then(Object(Closure))
#44 /home/wwwroot/xiechengfuwu.cn/vendor/laravel/framework/src/Illuminate/Foundation/Http/Kernel.php(110): Illuminate\Foundation\Http\Kernel->sendRequestThroughRouter(Object(Illuminate\Http\Request))
#45 /home/wwwroot/xiechengfuwu.cn/public/index.php(55): Illuminate\Foundation\Http\Kernel->handle(Object(Illuminate\Http\Request))
#46 {main} ["App\\Http\\Controllers\\Api\\V1\\ScanController::identify"] 
[2020-05-29 12:16:10] local.ERROR: ErrorException: Undefined offset: 0 in /home/wwwroot/xiechengfuwu.cn/app/Services/IdentifyServices.php:286
Stack trace:
#0 /home/wwwroot/xiechengfuwu.cn/app/Services/IdentifyServices.php(286): Illuminate\Foundation\Bootstrap\HandleExceptions->handleError(8, 'Undefined offse...', '/home/wwwroot/x...', 286, Array)
#1 /home/wwwroot/xiechengfuwu.cn/app/Services/IdentifyServices.php(470): App\Services\IdentifyServices->getClearZero(Array)
#2 /home/wwwroot/xiechengfuwu.cn/app/Services/GenerateServices.php(66): App\Services\IdentifyServices->getLine()
#3 /home/wwwroot/xiechengfuwu.cn/app/Http/Controllers/Api/V1/ScanController.php(61): App\Services\GenerateServices::parsePicture('/9j/4AAQSkZJRgA...')
#4 [internal function]: App\Http\Controllers\Api\V1\ScanController->identify(Object(Dingo\Api\Http\Request))
#5 /home/wwwroot/xiechengfuwu.cn/vendor/laravel/framework/src/Illuminate/Routing/Controller.php(54): call_user_func_array(Array, Array)
#6 /home/wwwroot/xiechengfuwu.cn/vendor/laravel/framework/src/Illuminate/Routing/ControllerDispatcher.php(45): Illuminate\Routing\Controller->callAction('identify', Array)
#7 /home/wwwroot/xiechengfuwu.cn/vendor/laravel/framework/src/Illuminate/Routing/Route.php(219): Illuminate\Routing\ControllerDispatcher->dispatch(Object(Illuminate\Routing\Route), Object(App\Http\Controllers\Api\V1\ScanController), 'identify')
#8 /home/wwwroot/xiechengfuwu.cn/vendor/laravel/framework/src/Illuminate/Routing/Route.php(176): Illuminate\Routing\Route->runController()
#9 /home/wwwroot/xiechengfuwu.cn/vendor/laravel/framework/src/Illuminate/Routing/Router.php(681): Illuminate\Routing\Route->run()
#10 /home/wwwroot/xiechengfuwu.cn/vendor/laravel/framework/src/Illuminate/Pipeline/Pipeline.php(130): Illuminate\Routing\Router->Illuminate\Routing\{closure}(Object(Dingo\Api\Http\Request))
#11 /home/wwwroot/xiechengfuwu.cn/app/Http/Middleware/RefreshToken.php(31): Illuminate\Pipeline\Pipeline->Illuminate\Pipeline\{closure}(Object(Dingo\Api\Http\Request))
#12 /home/wwwroot/xiechengfuwu.cn/vendor/laravel/framework/src/Illuminate/Pipeline/Pipeline.php(171): App\Http\Middleware\RefreshToken->handle(Object(Dingo\Api\Http\Request), Object(Closure))
#13 /home/wwwroot/xiechengfuwu.cn/vendor/dingo/api/src/Http/Middleware/PrepareController.php(45): Illuminate\Pipeline\Pipeline->Illuminate\Pipeline\{closure}(Object(Dingo\Api\Http\Request))
#14 /home/wwwroot/xiechengfuwu.cn/vendor/laravel/framework/src/Illuminate/Pipeline/Pipeline.php(171): Dingo\Api\Http\Middleware\PrepareController->handle(Object(Dingo\Api\Http\Request), Object(Closure))
#15 /home/wwwroot/xiechengfuwu.cn/vendor/laravel/framework/src/Illuminate/Pipeline/Pipeline.php(105): Illuminate\Pipeline\Pipeline->Illuminate\Pipeline\{closure}(Object(Dingo\Api\Http\Request))
#16 /home/wwwroot/xiechengfuwu.cn/vendor/laravel/framework/src/Illuminate/Routing/Router.php(683): Illuminate\Pipeline\Pipeline->then(Object(Closure))
#17 /home/wwwroot/xiechengfuwu.cn/vendor/laravel/framework/src/Illuminate/Routing/Router.php(658): Illuminate\Routing\Router->runRouteWithinStack(Object(Illuminate\Routing\Route), Object(Dingo\Api\Http\Request))
#18 /home/wwwroot/xiechengfuwu.cn/vendor/laravel/framework/src/Illuminate/Routing/Router.php(624): Illuminate\Routing\Router->runRoute(Object(Dingo\Api\Http\Request), Object(Illuminate\Routing\Route))
#19 /home/wwwroot/xiechengfuwu.cn/vendor/laravel/framework/src/Illuminate/Routing/Router.php(613): Illuminate\Routing\Router->dispatchToRoute(Object(Dingo\Api\Http\Request))
#20 /home/wwwroot/xiechengfuwu.cn/vendor/dingo/api/src/Routing/Adapter/Laravel.php(88): Illuminate\Routing\Router->dispatch(Object(Dingo\Api\Http\Request))
#21 /home/wwwroot/xiechengfuwu.cn/vendor/dingo/api/src/Routing/Router.php(518): Dingo\Api\Routing\Adapter\Laravel->dispatch(Object(Dingo\Api\Http\Request), 'v1')
#22 /home/wwwroot/xiechengfuwu.cn/vendor/dingo/api/src/Http/Middleware/Request.php(126): Dingo\Api\Routing\Router->dispatch(Object(Dingo\Api\Http\Request))
#23 /home/wwwroot/xiechengfuwu.cn/vendor/laravel/framework/src/Illuminate/Pipeline/Pipeline.php(130): Dingo\Api\Http\Middleware\Request->Dingo\Api\Http\Middleware\{closure}(Object(Dingo\Api\Http\Request))
#24 /home/wwwroot/xiechengfuwu.cn/vendor/barryvdh/laravel-debugbar/src/Middleware/InjectDebugbar.php(58): Illuminate\Pipeline\Pipeline->Illuminate\Pipeline\{closure}(Object(Dingo\Api\Http\Request))
#25 /home/wwwroot/xiechengfuwu.cn/vendor/laravel/framework/src/Illuminate/Pipeline/Pipeline.php(171): Barryvdh\Debugbar\Middleware\InjectDebugbar->handle(Object(Dingo\Api\Http\Request), Object(Closure))
#26 /home/wwwroot/xiechengfuwu.cn/vendor/fruitcake/laravel-cors/src/HandleCors.php(37): Illuminate\Pipeline\Pipeline->Illuminate\Pipeline\{closure}(Object(Dingo\Api\Http\Request))
#27 /home/wwwroot/xiechengfuwu.cn/vendor/laravel/framework/src/Illuminate/Pipeline/Pipeline.php(171): Fruitcake\Cors\HandleCors->handle(Object(Dingo\Api\Http\Request), Object(Closure))
#28 /home/wwwroot/xiechengfuwu.cn/vendor/laravel/framework/src/Illuminate/Foundation/Http/Middleware/TransformsRequest.php(21): Illuminate\Pipeline\Pipeline->Illuminate\Pipeline\{closure}(Object(Dingo\Api\Http\Request))
#29 /home/wwwroot/xiechengfuwu.cn/vendor/laravel/framework/src/Illuminate/Pipeline/Pipeline.php(171): Illuminate\Foundation\Http\Middleware\TransformsRequest->handle(Object(Dingo\Api\Http\Request), Object(Closure))
#30 /home/wwwroot/xiechengfuwu.cn/vendor/laravel/framework/src/Illuminate/Foundation/Http/Middleware/TransformsRequest.php(21): Illuminate\Pipeline\Pipeline->Illuminate\Pipeline\{closure}(Object(Dingo\Api\Http\Request))
#31 /home/wwwroot/xiechengfuwu.cn/vendor/laravel/framework/src/Illuminate/Pipeline/Pipeline.php(171): Illuminate\Foundation\Http\Middleware\TransformsRequest->handle(Object(Dingo\Api\Http\Request), Object(Closure))
#32 /home/wwwroot/xiechengfuwu.cn/vendor/laravel/framework/src/Illuminate/Foundation/Http/Middleware/ValidatePostSize.php(27): Illuminate\Pipeline\Pipeline->Illuminate\Pipeline\{closure}(Object(Dingo\Api\Http\Request))
#33 /home/wwwroot/xiechengfuwu.cn/vendor/laravel/framework/src/Illuminate/Pipeline/Pipeline.php(171): Illuminate\Foundation\Http\Middleware\ValidatePostSize->handle(Object(Dingo\Api\Http\Request), Object(Closure))
#34 /home/wwwroot/xiechengfuwu.cn/vendor/laravel/framework/src/Illuminate/Foundation/Http/Middleware/CheckForMaintenanceMode.php(63): Illuminate\Pipeline\Pipeline->Illuminate\Pipeline\{closure}(Object(Dingo\Api\Http\Request))
#35 /home/wwwroot/xiechengfuwu.cn/vendor/laravel/framework/src/Illuminate/Pipeline/Pipeline.php(171): Illuminate\Foundation\Http\Middleware\CheckForMaintenanceMode->handle(Object(Dingo\Api\Http\Request), Object(Closure))
#36 /home/wwwroot/xiechengfuwu.cn/vendor/fideloper/proxy/src/TrustProxies.php(57): Illuminate\Pipeline\Pipeline->Illuminate\Pipeline\{closure}(Object(Dingo\Api\Http\Request))
#37 /home/wwwroot/xiechengfuwu.cn/vendor/laravel/framework/src/Illuminate/Pipeline/Pipeline.php(171): Fideloper\Proxy\TrustProxies->handle(Object(Dingo\Api\Http\Request), Object(Closure))
#38 /home/wwwroot/xiechengfuwu.cn/vendor/laravel/framework/src/Illuminate/Pipeline/Pipeline.php(105): Illuminate\Pipeline\Pipeline->Illuminate\Pipeline\{closure}(Object(Dingo\Api\Http\Request))
#39 /home/wwwroot/xiechengfuwu.cn/vendor/dingo/api/src/Http/Middleware/Request.php(127): Illuminate\Pipeline\Pipeline->then(Object(Closure))
#40 /home/wwwroot/xiechengfuwu.cn/vendor/dingo/api/src/Http/Middleware/Request.php(103): Dingo\Api\Http\Middleware\Request->sendRequestThroughRouter(Object(Dingo\Api\Http\Request))
#41 /home/wwwroot/xiechengfuwu.cn/vendor/laravel/framework/src/Illuminate/Pipeline/Pipeline.php(171): Dingo\Api\Http\Middleware\Request->handle(Object(Dingo\Api\Http\Request), Object(Closure))
#42 /home/wwwroot/xiechengfuwu.cn/vendor/laravel/framework/src/Illuminate/Pipeline/Pipeline.php(105): Illuminate\Pipeline\Pipeline->Illuminate\Pipeline\{closure}(Object(Illuminate\Http\Request))
#43 /home/wwwroot/xiechengfuwu.cn/vendor/laravel/framework/src/Illuminate/Foundation/Http/Kernel.php(145): Illuminate\Pipeline\Pipeline->then(Object(Closure))
#44 /home/wwwroot/xiechengfuwu.cn/vendor/laravel/framework/src/Illuminate/Foundation/Http/Kernel.php(110): Illuminate\Foundation\Http\Kernel->sendRequestThroughRouter(Object(Illuminate\Http\Request))
#45 /home/wwwroot/xiechengfuwu.cn/public/index.php(55): Illuminate\Foundation\Http\Kernel->handle(Object(Illuminate\Http\Request))
#46 {main} ["App\\Http\\Controllers\\Api\\V1\\ScanController::identify"] 
[2020-05-29 17:42:11] local.ERROR: ErrorException: Undefined offset: 0 in /home/wwwroot/xiechengfuwu.cn/app/Services/IdentifyServices.php:286
Stack trace:
#0 /home/wwwroot/xiechengfuwu.cn/app/Services/IdentifyServices.php(286): Illuminate\Foundation\Bootstrap\HandleExceptions->handleError(8, 'Undefined offse...', '/home/wwwroot/x...', 286, Array)
#1 /home/wwwroot/xiechengfuwu.cn/app/Services/IdentifyServices.php(470): App\Services\IdentifyServices->getClearZero(Array)
#2 /home/wwwroot/xiechengfuwu.cn/app/Services/GenerateServices.php(66): App\Services\IdentifyServices->getLine()
#3 /home/wwwroot/xiechengfuwu.cn/app/Http/Controllers/Api/V1/ScanController.php(61): App\Services\GenerateServices::parsePicture('/9j/4AAQSkZJRgA...')
#4 [internal function]: App\Http\Controllers\Api\V1\ScanController->identify(Object(Dingo\Api\Http\Request))
#5 /home/wwwroot/xiechengfuwu.cn/vendor/laravel/framework/src/Illuminate/Routing/Controller.php(54): call_user_func_array(Array, Array)
#6 /home/wwwroot/xiechengfuwu.cn/vendor/laravel/framework/src/Illuminate/Routing/ControllerDispatcher.php(45): Illuminate\Routing\Controller->callAction('identify', Array)
#7 /home/wwwroot/xiechengfuwu.cn/vendor/laravel/framework/src/Illuminate/Routing/Route.php(219): Illuminate\Routing\ControllerDispatcher->dispatch(Object(Illuminate\Routing\Route), Object(App\Http\Controllers\Api\V1\ScanController), 'identify')
#8 /home/wwwroot/xiechengfuwu.cn/vendor/laravel/framework/src/Illuminate/Routing/Route.php(176): Illuminate\Routing\Route->runController()
#9 /home/wwwroot/xiechengfuwu.cn/vendor/laravel/framework/src/Illuminate/Routing/Router.php(681): Illuminate\Routing\Route->run()
#10 /home/wwwroot/xiechengfuwu.cn/vendor/laravel/framework/src/Illuminate/Pipeline/Pipeline.php(130): Illuminate\Routing\Router->Illuminate\Routing\{closure}(Object(Dingo\Api\Http\Request))
#11 /home/wwwroot/xiechengfuwu.cn/app/Http/Middleware/RefreshToken.php(31): Illuminate\Pipeline\Pipeline->Illuminate\Pipeline\{closure}(Object(Dingo\Api\Http\Request))
#12 /home/wwwroot/xiechengfuwu.cn/vendor/laravel/framework/src/Illuminate/Pipeline/Pipeline.php(171): App\Http\Middleware\RefreshToken->handle(Object(Dingo\Api\Http\Request), Object(Closure))
#13 /home/wwwroot/xiechengfuwu.cn/vendor/dingo/api/src/Http/Middleware/PrepareController.php(45): Illuminate\Pipeline\Pipeline->Illuminate\Pipeline\{closure}(Object(Dingo\Api\Http\Request))
#14 /home/wwwroot/xiechengfuwu.cn/vendor/laravel/framework/src/Illuminate/Pipeline/Pipeline.php(171): Dingo\Api\Http\Middleware\PrepareController->handle(Object(Dingo\Api\Http\Request), Object(Closure))
#15 /home/wwwroot/xiechengfuwu.cn/vendor/laravel/framework/src/Illuminate/Pipeline/Pipeline.php(105): Illuminate\Pipeline\Pipeline->Illuminate\Pipeline\{closure}(Object(Dingo\Api\Http\Request))
#16 /home/wwwroot/xiechengfuwu.cn/vendor/laravel/framework/src/Illuminate/Routing/Router.php(683): Illuminate\Pipeline\Pipeline->then(Object(Closure))
#17 /home/wwwroot/xiechengfuwu.cn/vendor/laravel/framework/src/Illuminate/Routing/Router.php(658): Illuminate\Routing\Router->runRouteWithinStack(Object(Illuminate\Routing\Route), Object(Dingo\Api\Http\Request))
#18 /home/wwwroot/xiechengfuwu.cn/vendor/laravel/framework/src/Illuminate/Routing/Router.php(624): Illuminate\Routing\Router->runRoute(Object(Dingo\Api\Http\Request), Object(Illuminate\Routing\Route))
#19 /home/wwwroot/xiechengfuwu.cn/vendor/laravel/framework/src/Illuminate/Routing/Router.php(613): Illuminate\Routing\Router->dispatchToRoute(Object(Dingo\Api\Http\Request))
#20 /home/wwwroot/xiechengfuwu.cn/vendor/dingo/api/src/Routing/Adapter/Laravel.php(88): Illuminate\Routing\Router->dispatch(Object(Dingo\Api\Http\Request))
#21 /home/wwwroot/xiechengfuwu.cn/vendor/dingo/api/src/Routing/Router.php(518): Dingo\Api\Routing\Adapter\Laravel->dispatch(Object(Dingo\Api\Http\Request), 'v1')
#22 /home/wwwroot/xiechengfuwu.cn/vendor/dingo/api/src/Http/Middleware/Request.php(126): Dingo\Api\Routing\Router->dispatch(Object(Dingo\Api\Http\Request))
#23 /home/wwwroot/xiechengfuwu.cn/vendor/laravel/framework/src/Illuminate/Pipeline/Pipeline.php(130): Dingo\Api\Http\Middleware\Request->Dingo\Api\Http\Middleware\{closure}(Object(Dingo\Api\Http\Request))
#24 /home/wwwroot/xiechengfuwu.cn/vendor/barryvdh/laravel-debugbar/src/Middleware/InjectDebugbar.php(58): Illuminate\Pipeline\Pipeline->Illuminate\Pipeline\{closure}(Object(Dingo\Api\Http\Request))
#25 /home/wwwroot/xiechengfuwu.cn/vendor/laravel/framework/src/Illuminate/Pipeline/Pipeline.php(171): Barryvdh\Debugbar\Middleware\InjectDebugbar->handle(Object(Dingo\Api\Http\Request), Object(Closure))
#26 /home/wwwroot/xiechengfuwu.cn/vendor/fruitcake/laravel-cors/src/HandleCors.php(37): Illuminate\Pipeline\Pipeline->Illuminate\Pipeline\{closure}(Object(Dingo\Api\Http\Request))
#27 /home/wwwroot/xiechengfuwu.cn/vendor/laravel/framework/src/Illuminate/Pipeline/Pipeline.php(171): Fruitcake\Cors\HandleCors->handle(Object(Dingo\Api\Http\Request), Object(Closure))
#28 /home/wwwroot/xiechengfuwu.cn/vendor/laravel/framework/src/Illuminate/Foundation/Http/Middleware/TransformsRequest.php(21): Illuminate\Pipeline\Pipeline->Illuminate\Pipeline\{closure}(Object(Dingo\Api\Http\Request))
#29 /home/wwwroot/xiechengfuwu.cn/vendor/laravel/framework/src/Illuminate/Pipeline/Pipeline.php(171): Illuminate\Foundation\Http\Middleware\TransformsRequest->handle(Object(Dingo\Api\Http\Request), Object(Closure))
#30 /home/wwwroot/xiechengfuwu.cn/vendor/laravel/framework/src/Illuminate/Foundation/Http/Middleware/TransformsRequest.php(21): Illuminate\Pipeline\Pipeline->Illuminate\Pipeline\{closure}(Object(Dingo\Api\Http\Request))
#31 /home/wwwroot/xiechengfuwu.cn/vendor/laravel/framework/src/Illuminate/Pipeline/Pipeline.php(171): Illuminate\Foundation\Http\Middleware\TransformsRequest->handle(Object(Dingo\Api\Http\Request), Object(Closure))
#32 /home/wwwroot/xiechengfuwu.cn/vendor/laravel/framework/src/Illuminate/Foundation/Http/Middleware/ValidatePostSize.php(27): Illuminate\Pipeline\Pipeline->Illuminate\Pipeline\{closure}(Object(Dingo\Api\Http\Request))
#33 /home/wwwroot/xiechengfuwu.cn/vendor/laravel/framework/src/Illuminate/Pipeline/Pipeline.php(171): Illuminate\Foundation\Http\Middleware\ValidatePostSize->handle(Object(Dingo\Api\Http\Request), Object(Closure))
#34 /home/wwwroot/xiechengfuwu.cn/vendor/laravel/framework/src/Illuminate/Foundation/Http/Middleware/CheckForMaintenanceMode.php(63): Illuminate\Pipeline\Pipeline->Illuminate\Pipeline\{closure}(Object(Dingo\Api\Http\Request))
#35 /home/wwwroot/xiechengfuwu.cn/vendor/laravel/framework/src/Illuminate/Pipeline/Pipeline.php(171): Illuminate\Foundation\Http\Middleware\CheckForMaintenanceMode->handle(Object(Dingo\Api\Http\Request), Object(Closure))
#36 /home/wwwroot/xiechengfuwu.cn/vendor/fideloper/proxy/src/TrustProxies.php(57): Illuminate\Pipeline\Pipeline->Illuminate\Pipeline\{closure}(Object(Dingo\Api\Http\Request))
#37 /home/wwwroot/xiechengfuwu.cn/vendor/laravel/framework/src/Illuminate/Pipeline/Pipeline.php(171): Fideloper\Proxy\TrustProxies->handle(Object(Dingo\Api\Http\Request), Object(Closure))
#38 /home/wwwroot/xiechengfuwu.cn/vendor/laravel/framework/src/Illuminate/Pipeline/Pipeline.php(105): Illuminate\Pipeline\Pipeline->Illuminate\Pipeline\{closure}(Object(Dingo\Api\Http\Request))
#39 /home/wwwroot/xiechengfuwu.cn/vendor/dingo/api/src/Http/Middleware/Request.php(127): Illuminate\Pipeline\Pipeline->then(Object(Closure))
#40 /home/wwwroot/xiechengfuwu.cn/vendor/dingo/api/src/Http/Middleware/Request.php(103): Dingo\Api\Http\Middleware\Request->sendRequestThroughRouter(Object(Dingo\Api\Http\Request))
#41 /home/wwwroot/xiechengfuwu.cn/vendor/laravel/framework/src/Illuminate/Pipeline/Pipeline.php(171): Dingo\Api\Http\Middleware\Request->handle(Object(Dingo\Api\Http\Request), Object(Closure))
#42 /home/wwwroot/xiechengfuwu.cn/vendor/laravel/framework/src/Illuminate/Pipeline/Pipeline.php(105): Illuminate\Pipeline\Pipeline->Illuminate\Pipeline\{closure}(Object(Illuminate\Http\Request))
#43 /home/wwwroot/xiechengfuwu.cn/vendor/laravel/framework/src/Illuminate/Foundation/Http/Kernel.php(145): Illuminate\Pipeline\Pipeline->then(Object(Closure))
#44 /home/wwwroot/xiechengfuwu.cn/vendor/laravel/framework/src/Illuminate/Foundation/Http/Kernel.php(110): Illuminate\Foundation\Http\Kernel->sendRequestThroughRouter(Object(Illuminate\Http\Request))
#45 /home/wwwroot/xiechengfuwu.cn/public/index.php(55): Illuminate\Foundation\Http\Kernel->handle(Object(Illuminate\Http\Request))
#46 {main} ["App\\Http\\Controllers\\Api\\V1\\ScanController::identify"] 
[2020-05-29 17:42:54] local.ERROR: ErrorException: Undefined offset: 0 in /home/wwwroot/xiechengfuwu.cn/app/Services/IdentifyServices.php:286
Stack trace:
#0 /home/wwwroot/xiechengfuwu.cn/app/Services/IdentifyServices.php(286): Illuminate\Foundation\Bootstrap\HandleExceptions->handleError(8, 'Undefined offse...', '/home/wwwroot/x...', 286, Array)
#1 /home/wwwroot/xiechengfuwu.cn/app/Services/IdentifyServices.php(470): App\Services\IdentifyServices->getClearZero(Array)
#2 /home/wwwroot/xiechengfuwu.cn/app/Services/GenerateServices.php(66): App\Services\IdentifyServices->getLine()
#3 /home/wwwroot/xiechengfuwu.cn/app/Http/Controllers/Api/V1/ScanController.php(61): App\Services\GenerateServices::parsePicture('/9j/4AAQSkZJRgA...')
#4 [internal function]: App\Http\Controllers\Api\V1\ScanController->identify(Object(Dingo\Api\Http\Request))
#5 /home/wwwroot/xiechengfuwu.cn/vendor/laravel/framework/src/Illuminate/Routing/Controller.php(54): call_user_func_array(Array, Array)
#6 /home/wwwroot/xiechengfuwu.cn/vendor/laravel/framework/src/Illuminate/Routing/ControllerDispatcher.php(45): Illuminate\Routing\Controller->callAction('identify', Array)
#7 /home/wwwroot/xiechengfuwu.cn/vendor/laravel/framework/src/Illuminate/Routing/Route.php(219): Illuminate\Routing\ControllerDispatcher->dispatch(Object(Illuminate\Routing\Route), Object(App\Http\Controllers\Api\V1\ScanController), 'identify')
#8 /home/wwwroot/xiechengfuwu.cn/vendor/laravel/framework/src/Illuminate/Routing/Route.php(176): Illuminate\Routing\Route->runController()
#9 /home/wwwroot/xiechengfuwu.cn/vendor/laravel/framework/src/Illuminate/Routing/Router.php(681): Illuminate\Routing\Route->run()
#10 /home/wwwroot/xiechengfuwu.cn/vendor/laravel/framework/src/Illuminate/Pipeline/Pipeline.php(130): Illuminate\Routing\Router->Illuminate\Routing\{closure}(Object(Dingo\Api\Http\Request))
#11 /home/wwwroot/xiechengfuwu.cn/app/Http/Middleware/RefreshToken.php(31): Illuminate\Pipeline\Pipeline->Illuminate\Pipeline\{closure}(Object(Dingo\Api\Http\Request))
#12 /home/wwwroot/xiechengfuwu.cn/vendor/laravel/framework/src/Illuminate/Pipeline/Pipeline.php(171): App\Http\Middleware\RefreshToken->handle(Object(Dingo\Api\Http\Request), Object(Closure))
#13 /home/wwwroot/xiechengfuwu.cn/vendor/dingo/api/src/Http/Middleware/PrepareController.php(45): Illuminate\Pipeline\Pipeline->Illuminate\Pipeline\{closure}(Object(Dingo\Api\Http\Request))
#14 /home/wwwroot/xiechengfuwu.cn/vendor/laravel/framework/src/Illuminate/Pipeline/Pipeline.php(171): Dingo\Api\Http\Middleware\PrepareController->handle(Object(Dingo\Api\Http\Request), Object(Closure))
#15 /home/wwwroot/xiechengfuwu.cn/vendor/laravel/framework/src/Illuminate/Pipeline/Pipeline.php(105): Illuminate\Pipeline\Pipeline->Illuminate\Pipeline\{closure}(Object(Dingo\Api\Http\Request))
#16 /home/wwwroot/xiechengfuwu.cn/vendor/laravel/framework/src/Illuminate/Routing/Router.php(683): Illuminate\Pipeline\Pipeline->then(Object(Closure))
#17 /home/wwwroot/xiechengfuwu.cn/vendor/laravel/framework/src/Illuminate/Routing/Router.php(658): Illuminate\Routing\Router->runRouteWithinStack(Object(Illuminate\Routing\Route), Object(Dingo\Api\Http\Request))
#18 /home/wwwroot/xiechengfuwu.cn/vendor/laravel/framework/src/Illuminate/Routing/Router.php(624): Illuminate\Routing\Router->runRoute(Object(Dingo\Api\Http\Request), Object(Illuminate\Routing\Route))
#19 /home/wwwroot/xiechengfuwu.cn/vendor/laravel/framework/src/Illuminate/Routing/Router.php(613): Illuminate\Routing\Router->dispatchToRoute(Object(Dingo\Api\Http\Request))
#20 /home/wwwroot/xiechengfuwu.cn/vendor/dingo/api/src/Routing/Adapter/Laravel.php(88): Illuminate\Routing\Router->dispatch(Object(Dingo\Api\Http\Request))
#21 /home/wwwroot/xiechengfuwu.cn/vendor/dingo/api/src/Routing/Router.php(518): Dingo\Api\Routing\Adapter\Laravel->dispatch(Object(Dingo\Api\Http\Request), 'v1')
#22 /home/wwwroot/xiechengfuwu.cn/vendor/dingo/api/src/Http/Middleware/Request.php(126): Dingo\Api\Routing\Router->dispatch(Object(Dingo\Api\Http\Request))
#23 /home/wwwroot/xiechengfuwu.cn/vendor/laravel/framework/src/Illuminate/Pipeline/Pipeline.php(130): Dingo\Api\Http\Middleware\Request->Dingo\Api\Http\Middleware\{closure}(Object(Dingo\Api\Http\Request))
#24 /home/wwwroot/xiechengfuwu.cn/vendor/barryvdh/laravel-debugbar/src/Middleware/InjectDebugbar.php(58): Illuminate\Pipeline\Pipeline->Illuminate\Pipeline\{closure}(Object(Dingo\Api\Http\Request))
#25 /home/wwwroot/xiechengfuwu.cn/vendor/laravel/framework/src/Illuminate/Pipeline/Pipeline.php(171): Barryvdh\Debugbar\Middleware\InjectDebugbar->handle(Object(Dingo\Api\Http\Request), Object(Closure))
#26 /home/wwwroot/xiechengfuwu.cn/vendor/fruitcake/laravel-cors/src/HandleCors.php(37): Illuminate\Pipeline\Pipeline->Illuminate\Pipeline\{closure}(Object(Dingo\Api\Http\Request))
#27 /home/wwwroot/xiechengfuwu.cn/vendor/laravel/framework/src/Illuminate/Pipeline/Pipeline.php(171): Fruitcake\Cors\HandleCors->handle(Object(Dingo\Api\Http\Request), Object(Closure))
#28 /home/wwwroot/xiechengfuwu.cn/vendor/laravel/framework/src/Illuminate/Foundation/Http/Middleware/TransformsRequest.php(21): Illuminate\Pipeline\Pipeline->Illuminate\Pipeline\{closure}(Object(Dingo\Api\Http\Request))
#29 /home/wwwroot/xiechengfuwu.cn/vendor/laravel/framework/src/Illuminate/Pipeline/Pipeline.php(171): Illuminate\Foundation\Http\Middleware\TransformsRequest->handle(Object(Dingo\Api\Http\Request), Object(Closure))
#30 /home/wwwroot/xiechengfuwu.cn/vendor/laravel/framework/src/Illuminate/Foundation/Http/Middleware/TransformsRequest.php(21): Illuminate\Pipeline\Pipeline->Illuminate\Pipeline\{closure}(Object(Dingo\Api\Http\Request))
#31 /home/wwwroot/xiechengfuwu.cn/vendor/laravel/framework/src/Illuminate/Pipeline/Pipeline.php(171): Illuminate\Foundation\Http\Middleware\TransformsRequest->handle(Object(Dingo\Api\Http\Request), Object(Closure))
#32 /home/wwwroot/xiechengfuwu.cn/vendor/laravel/framework/src/Illuminate/Foundation/Http/Middleware/ValidatePostSize.php(27): Illuminate\Pipeline\Pipeline->Illuminate\Pipeline\{closure}(Object(Dingo\Api\Http\Request))
#33 /home/wwwroot/xiechengfuwu.cn/vendor/laravel/framework/src/Illuminate/Pipeline/Pipeline.php(171): Illuminate\Foundation\Http\Middleware\ValidatePostSize->handle(Object(Dingo\Api\Http\Request), Object(Closure))
#34 /home/wwwroot/xiechengfuwu.cn/vendor/laravel/framework/src/Illuminate/Foundation/Http/Middleware/CheckForMaintenanceMode.php(63): Illuminate\Pipeline\Pipeline->Illuminate\Pipeline\{closure}(Object(Dingo\Api\Http\Request))
#35 /home/wwwroot/xiechengfuwu.cn/vendor/laravel/framework/src/Illuminate/Pipeline/Pipeline.php(171): Illuminate\Foundation\Http\Middleware\CheckForMaintenanceMode->handle(Object(Dingo\Api\Http\Request), Object(Closure))
#36 /home/wwwroot/xiechengfuwu.cn/vendor/fideloper/proxy/src/TrustProxies.php(57): Illuminate\Pipeline\Pipeline->Illuminate\Pipeline\{closure}(Object(Dingo\Api\Http\Request))
#37 /home/wwwroot/xiechengfuwu.cn/vendor/laravel/framework/src/Illuminate/Pipeline/Pipeline.php(171): Fideloper\Proxy\TrustProxies->handle(Object(Dingo\Api\Http\Request), Object(Closure))
#38 /home/wwwroot/xiechengfuwu.cn/vendor/laravel/framework/src/Illuminate/Pipeline/Pipeline.php(105): Illuminate\Pipeline\Pipeline->Illuminate\Pipeline\{closure}(Object(Dingo\Api\Http\Request))
#39 /home/wwwroot/xiechengfuwu.cn/vendor/dingo/api/src/Http/Middleware/Request.php(127): Illuminate\Pipeline\Pipeline->then(Object(Closure))
#40 /home/wwwroot/xiechengfuwu.cn/vendor/dingo/api/src/Http/Middleware/Request.php(103): Dingo\Api\Http\Middleware\Request->sendRequestThroughRouter(Object(Dingo\Api\Http\Request))
#41 /home/wwwroot/xiechengfuwu.cn/vendor/laravel/framework/src/Illuminate/Pipeline/Pipeline.php(171): Dingo\Api\Http\Middleware\Request->handle(Object(Dingo\Api\Http\Request), Object(Closure))
#42 /home/wwwroot/xiechengfuwu.cn/vendor/laravel/framework/src/Illuminate/Pipeline/Pipeline.php(105): Illuminate\Pipeline\Pipeline->Illuminate\Pipeline\{closure}(Object(Illuminate\Http\Request))
#43 /home/wwwroot/xiechengfuwu.cn/vendor/laravel/framework/src/Illuminate/Foundation/Http/Kernel.php(145): Illuminate\Pipeline\Pipeline->then(Object(Closure))
#44 /home/wwwroot/xiechengfuwu.cn/vendor/laravel/framework/src/Illuminate/Foundation/Http/Kernel.php(110): Illuminate\Foundation\Http\Kernel->sendRequestThroughRouter(Object(Illuminate\Http\Request))
#45 /home/wwwroot/xiechengfuwu.cn/public/index.php(55): Illuminate\Foundation\Http\Kernel->handle(Object(Illuminate\Http\Request))
#46 {main} ["App\\Http\\Controllers\\Api\\V1\\ScanController::identify"] 
[2020-05-29 17:43:33] local.ERROR: ErrorException: Undefined offset: 0 in /home/wwwroot/xiechengfuwu.cn/app/Services/IdentifyServices.php:286
Stack trace:
#0 /home/wwwroot/xiechengfuwu.cn/app/Services/IdentifyServices.php(286): Illuminate\Foundation\Bootstrap\HandleExceptions->handleError(8, 'Undefined offse...', '/home/wwwroot/x...', 286, Array)
#1 /home/wwwroot/xiechengfuwu.cn/app/Services/IdentifyServices.php(470): App\Services\IdentifyServices->getClearZero(Array)
#2 /home/wwwroot/xiechengfuwu.cn/app/Services/GenerateServices.php(66): App\Services\IdentifyServices->getLine()
#3 /home/wwwroot/xiechengfuwu.cn/app/Http/Controllers/Api/V1/ScanController.php(61): App\Services\GenerateServices::parsePicture('/9j/4AAQSkZJRgA...')
#4 [internal function]: App\Http\Controllers\Api\V1\ScanController->identify(Object(Dingo\Api\Http\Request))
#5 /home/wwwroot/xiechengfuwu.cn/vendor/laravel/framework/src/Illuminate/Routing/Controller.php(54): call_user_func_array(Array, Array)
#6 /home/wwwroot/xiechengfuwu.cn/vendor/laravel/framework/src/Illuminate/Routing/ControllerDispatcher.php(45): Illuminate\Routing\Controller->callAction('identify', Array)
#7 /home/wwwroot/xiechengfuwu.cn/vendor/laravel/framework/src/Illuminate/Routing/Route.php(219): Illuminate\Routing\ControllerDispatcher->dispatch(Object(Illuminate\Routing\Route), Object(App\Http\Controllers\Api\V1\ScanController), 'identify')
#8 /home/wwwroot/xiechengfuwu.cn/vendor/laravel/framework/src/Illuminate/Routing/Route.php(176): Illuminate\Routing\Route->runController()
#9 /home/wwwroot/xiechengfuwu.cn/vendor/laravel/framework/src/Illuminate/Routing/Router.php(681): Illuminate\Routing\Route->run()
#10 /home/wwwroot/xiechengfuwu.cn/vendor/laravel/framework/src/Illuminate/Pipeline/Pipeline.php(130): Illuminate\Routing\Router->Illuminate\Routing\{closure}(Object(Dingo\Api\Http\Request))
#11 /home/wwwroot/xiechengfuwu.cn/app/Http/Middleware/RefreshToken.php(31): Illuminate\Pipeline\Pipeline->Illuminate\Pipeline\{closure}(Object(Dingo\Api\Http\Request))
#12 /home/wwwroot/xiechengfuwu.cn/vendor/laravel/framework/src/Illuminate/Pipeline/Pipeline.php(171): App\Http\Middleware\RefreshToken->handle(Object(Dingo\Api\Http\Request), Object(Closure))
#13 /home/wwwroot/xiechengfuwu.cn/vendor/dingo/api/src/Http/Middleware/PrepareController.php(45): Illuminate\Pipeline\Pipeline->Illuminate\Pipeline\{closure}(Object(Dingo\Api\Http\Request))
#14 /home/wwwroot/xiechengfuwu.cn/vendor/laravel/framework/src/Illuminate/Pipeline/Pipeline.php(171): Dingo\Api\Http\Middleware\PrepareController->handle(Object(Dingo\Api\Http\Request), Object(Closure))
#15 /home/wwwroot/xiechengfuwu.cn/vendor/laravel/framework/src/Illuminate/Pipeline/Pipeline.php(105): Illuminate\Pipeline\Pipeline->Illuminate\Pipeline\{closure}(Object(Dingo\Api\Http\Request))
#16 /home/wwwroot/xiechengfuwu.cn/vendor/laravel/framework/src/Illuminate/Routing/Router.php(683): Illuminate\Pipeline\Pipeline->then(Object(Closure))
#17 /home/wwwroot/xiechengfuwu.cn/vendor/laravel/framework/src/Illuminate/Routing/Router.php(658): Illuminate\Routing\Router->runRouteWithinStack(Object(Illuminate\Routing\Route), Object(Dingo\Api\Http\Request))
#18 /home/wwwroot/xiechengfuwu.cn/vendor/laravel/framework/src/Illuminate/Routing/Router.php(624): Illuminate\Routing\Router->runRoute(Object(Dingo\Api\Http\Request), Object(Illuminate\Routing\Route))
#19 /home/wwwroot/xiechengfuwu.cn/vendor/laravel/framework/src/Illuminate/Routing/Router.php(613): Illuminate\Routing\Router->dispatchToRoute(Object(Dingo\Api\Http\Request))
#20 /home/wwwroot/xiechengfuwu.cn/vendor/dingo/api/src/Routing/Adapter/Laravel.php(88): Illuminate\Routing\Router->dispatch(Object(Dingo\Api\Http\Request))
#21 /home/wwwroot/xiechengfuwu.cn/vendor/dingo/api/src/Routing/Router.php(518): Dingo\Api\Routing\Adapter\Laravel->dispatch(Object(Dingo\Api\Http\Request), 'v1')
#22 /home/wwwroot/xiechengfuwu.cn/vendor/dingo/api/src/Http/Middleware/Request.php(126): Dingo\Api\Routing\Router->dispatch(Object(Dingo\Api\Http\Request))
#23 /home/wwwroot/xiechengfuwu.cn/vendor/laravel/framework/src/Illuminate/Pipeline/Pipeline.php(130): Dingo\Api\Http\Middleware\Request->Dingo\Api\Http\Middleware\{closure}(Object(Dingo\Api\Http\Request))
#24 /home/wwwroot/xiechengfuwu.cn/vendor/barryvdh/laravel-debugbar/src/Middleware/InjectDebugbar.php(58): Illuminate\Pipeline\Pipeline->Illuminate\Pipeline\{closure}(Object(Dingo\Api\Http\Request))
#25 /home/wwwroot/xiechengfuwu.cn/vendor/laravel/framework/src/Illuminate/Pipeline/Pipeline.php(171): Barryvdh\Debugbar\Middleware\InjectDebugbar->handle(Object(Dingo\Api\Http\Request), Object(Closure))
#26 /home/wwwroot/xiechengfuwu.cn/vendor/fruitcake/laravel-cors/src/HandleCors.php(37): Illuminate\Pipeline\Pipeline->Illuminate\Pipeline\{closure}(Object(Dingo\Api\Http\Request))
#27 /home/wwwroot/xiechengfuwu.cn/vendor/laravel/framework/src/Illuminate/Pipeline/Pipeline.php(171): Fruitcake\Cors\HandleCors->handle(Object(Dingo\Api\Http\Request), Object(Closure))
#28 /home/wwwroot/xiechengfuwu.cn/vendor/laravel/framework/src/Illuminate/Foundation/Http/Middleware/TransformsRequest.php(21): Illuminate\Pipeline\Pipeline->Illuminate\Pipeline\{closure}(Object(Dingo\Api\Http\Request))
#29 /home/wwwroot/xiechengfuwu.cn/vendor/laravel/framework/src/Illuminate/Pipeline/Pipeline.php(171): Illuminate\Foundation\Http\Middleware\TransformsRequest->handle(Object(Dingo\Api\Http\Request), Object(Closure))
#30 /home/wwwroot/xiechengfuwu.cn/vendor/laravel/framework/src/Illuminate/Foundation/Http/Middleware/TransformsRequest.php(21): Illuminate\Pipeline\Pipeline->Illuminate\Pipeline\{closure}(Object(Dingo\Api\Http\Request))
#31 /home/wwwroot/xiechengfuwu.cn/vendor/laravel/framework/src/Illuminate/Pipeline/Pipeline.php(171): Illuminate\Foundation\Http\Middleware\TransformsRequest->handle(Object(Dingo\Api\Http\Request), Object(Closure))
#32 /home/wwwroot/xiechengfuwu.cn/vendor/laravel/framework/src/Illuminate/Foundation/Http/Middleware/ValidatePostSize.php(27): Illuminate\Pipeline\Pipeline->Illuminate\Pipeline\{closure}(Object(Dingo\Api\Http\Request))
#33 /home/wwwroot/xiechengfuwu.cn/vendor/laravel/framework/src/Illuminate/Pipeline/Pipeline.php(171): Illuminate\Foundation\Http\Middleware\ValidatePostSize->handle(Object(Dingo\Api\Http\Request), Object(Closure))
#34 /home/wwwroot/xiechengfuwu.cn/vendor/laravel/framework/src/Illuminate/Foundation/Http/Middleware/CheckForMaintenanceMode.php(63): Illuminate\Pipeline\Pipeline->Illuminate\Pipeline\{closure}(Object(Dingo\Api\Http\Request))
#35 /home/wwwroot/xiechengfuwu.cn/vendor/laravel/framework/src/Illuminate/Pipeline/Pipeline.php(171): Illuminate\Foundation\Http\Middleware\CheckForMaintenanceMode->handle(Object(Dingo\Api\Http\Request), Object(Closure))
#36 /home/wwwroot/xiechengfuwu.cn/vendor/fideloper/proxy/src/TrustProxies.php(57): Illuminate\Pipeline\Pipeline->Illuminate\Pipeline\{closure}(Object(Dingo\Api\Http\Request))
#37 /home/wwwroot/xiechengfuwu.cn/vendor/laravel/framework/src/Illuminate/Pipeline/Pipeline.php(171): Fideloper\Proxy\TrustProxies->handle(Object(Dingo\Api\Http\Request), Object(Closure))
#38 /home/wwwroot/xiechengfuwu.cn/vendor/laravel/framework/src/Illuminate/Pipeline/Pipeline.php(105): Illuminate\Pipeline\Pipeline->Illuminate\Pipeline\{closure}(Object(Dingo\Api\Http\Request))
#39 /home/wwwroot/xiechengfuwu.cn/vendor/dingo/api/src/Http/Middleware/Request.php(127): Illuminate\Pipeline\Pipeline->then(Object(Closure))
#40 /home/wwwroot/xiechengfuwu.cn/vendor/dingo/api/src/Http/Middleware/Request.php(103): Dingo\Api\Http\Middleware\Request->sendRequestThroughRouter(Object(Dingo\Api\Http\Request))
#41 /home/wwwroot/xiechengfuwu.cn/vendor/laravel/framework/src/Illuminate/Pipeline/Pipeline.php(171): Dingo\Api\Http\Middleware\Request->handle(Object(Dingo\Api\Http\Request), Object(Closure))
#42 /home/wwwroot/xiechengfuwu.cn/vendor/laravel/framework/src/Illuminate/Pipeline/Pipeline.php(105): Illuminate\Pipeline\Pipeline->Illuminate\Pipeline\{closure}(Object(Illuminate\Http\Request))
#43 /home/wwwroot/xiechengfuwu.cn/vendor/laravel/framework/src/Illuminate/Foundation/Http/Kernel.php(145): Illuminate\Pipeline\Pipeline->then(Object(Closure))
#44 /home/wwwroot/xiechengfuwu.cn/vendor/laravel/framework/src/Illuminate/Foundation/Http/Kernel.php(110): Illuminate\Foundation\Http\Kernel->sendRequestThroughRouter(Object(Illuminate\Http\Request))
#45 /home/wwwroot/xiechengfuwu.cn/public/index.php(55): Illuminate\Foundation\Http\Kernel->handle(Object(Illuminate\Http\Request))
#46 {main} ["App\\Http\\Controllers\\Api\\V1\\ScanController::identify"] 
[2020-05-29 17:43:49] local.ERROR: ErrorException: Undefined offset: 0 in /home/wwwroot/xiechengfuwu.cn/app/Services/IdentifyServices.php:286
Stack trace:
#0 /home/wwwroot/xiechengfuwu.cn/app/Services/IdentifyServices.php(286): Illuminate\Foundation\Bootstrap\HandleExceptions->handleError(8, 'Undefined offse...', '/home/wwwroot/x...', 286, Array)
#1 /home/wwwroot/xiechengfuwu.cn/app/Services/IdentifyServices.php(470): App\Services\IdentifyServices->getClearZero(Array)
#2 /home/wwwroot/xiechengfuwu.cn/app/Services/GenerateServices.php(66): App\Services\IdentifyServices->getLine()
#3 /home/wwwroot/xiechengfuwu.cn/app/Http/Controllers/Api/V1/ScanController.php(61): App\Services\GenerateServices::parsePicture('/9j/4AAQSkZJRgA...')
#4 [internal function]: App\Http\Controllers\Api\V1\ScanController->identify(Object(Dingo\Api\Http\Request))
#5 /home/wwwroot/xiechengfuwu.cn/vendor/laravel/framework/src/Illuminate/Routing/Controller.php(54): call_user_func_array(Array, Array)
#6 /home/wwwroot/xiechengfuwu.cn/vendor/laravel/framework/src/Illuminate/Routing/ControllerDispatcher.php(45): Illuminate\Routing\Controller->callAction('identify', Array)
#7 /home/wwwroot/xiechengfuwu.cn/vendor/laravel/framework/src/Illuminate/Routing/Route.php(219): Illuminate\Routing\ControllerDispatcher->dispatch(Object(Illuminate\Routing\Route), Object(App\Http\Controllers\Api\V1\ScanController), 'identify')
#8 /home/wwwroot/xiechengfuwu.cn/vendor/laravel/framework/src/Illuminate/Routing/Route.php(176): Illuminate\Routing\Route->runController()
#9 /home/wwwroot/xiechengfuwu.cn/vendor/laravel/framework/src/Illuminate/Routing/Router.php(681): Illuminate\Routing\Route->run()
#10 /home/wwwroot/xiechengfuwu.cn/vendor/laravel/framework/src/Illuminate/Pipeline/Pipeline.php(130): Illuminate\Routing\Router->Illuminate\Routing\{closure}(Object(Dingo\Api\Http\Request))
#11 /home/wwwroot/xiechengfuwu.cn/app/Http/Middleware/RefreshToken.php(31): Illuminate\Pipeline\Pipeline->Illuminate\Pipeline\{closure}(Object(Dingo\Api\Http\Request))
#12 /home/wwwroot/xiechengfuwu.cn/vendor/laravel/framework/src/Illuminate/Pipeline/Pipeline.php(171): App\Http\Middleware\RefreshToken->handle(Object(Dingo\Api\Http\Request), Object(Closure))
#13 /home/wwwroot/xiechengfuwu.cn/vendor/dingo/api/src/Http/Middleware/PrepareController.php(45): Illuminate\Pipeline\Pipeline->Illuminate\Pipeline\{closure}(Object(Dingo\Api\Http\Request))
#14 /home/wwwroot/xiechengfuwu.cn/vendor/laravel/framework/src/Illuminate/Pipeline/Pipeline.php(171): Dingo\Api\Http\Middleware\PrepareController->handle(Object(Dingo\Api\Http\Request), Object(Closure))
#15 /home/wwwroot/xiechengfuwu.cn/vendor/laravel/framework/src/Illuminate/Pipeline/Pipeline.php(105): Illuminate\Pipeline\Pipeline->Illuminate\Pipeline\{closure}(Object(Dingo\Api\Http\Request))
#16 /home/wwwroot/xiechengfuwu.cn/vendor/laravel/framework/src/Illuminate/Routing/Router.php(683): Illuminate\Pipeline\Pipeline->then(Object(Closure))
#17 /home/wwwroot/xiechengfuwu.cn/vendor/laravel/framework/src/Illuminate/Routing/Router.php(658): Illuminate\Routing\Router->runRouteWithinStack(Object(Illuminate\Routing\Route), Object(Dingo\Api\Http\Request))
#18 /home/wwwroot/xiechengfuwu.cn/vendor/laravel/framework/src/Illuminate/Routing/Router.php(624): Illuminate\Routing\Router->runRoute(Object(Dingo\Api\Http\Request), Object(Illuminate\Routing\Route))
#19 /home/wwwroot/xiechengfuwu.cn/vendor/laravel/framework/src/Illuminate/Routing/Router.php(613): Illuminate\Routing\Router->dispatchToRoute(Object(Dingo\Api\Http\Request))
#20 /home/wwwroot/xiechengfuwu.cn/vendor/dingo/api/src/Routing/Adapter/Laravel.php(88): Illuminate\Routing\Router->dispatch(Object(Dingo\Api\Http\Request))
#21 /home/wwwroot/xiechengfuwu.cn/vendor/dingo/api/src/Routing/Router.php(518): Dingo\Api\Routing\Adapter\Laravel->dispatch(Object(Dingo\Api\Http\Request), 'v1')
#22 /home/wwwroot/xiechengfuwu.cn/vendor/dingo/api/src/Http/Middleware/Request.php(126): Dingo\Api\Routing\Router->dispatch(Object(Dingo\Api\Http\Request))
#23 /home/wwwroot/xiechengfuwu.cn/vendor/laravel/framework/src/Illuminate/Pipeline/Pipeline.php(130): Dingo\Api\Http\Middleware\Request->Dingo\Api\Http\Middleware\{closure}(Object(Dingo\Api\Http\Request))
#24 /home/wwwroot/xiechengfuwu.cn/vendor/barryvdh/laravel-debugbar/src/Middleware/InjectDebugbar.php(58): Illuminate\Pipeline\Pipeline->Illuminate\Pipeline\{closure}(Object(Dingo\Api\Http\Request))
#25 /home/wwwroot/xiechengfuwu.cn/vendor/laravel/framework/src/Illuminate/Pipeline/Pipeline.php(171): Barryvdh\Debugbar\Middleware\InjectDebugbar->handle(Object(Dingo\Api\Http\Request), Object(Closure))
#26 /home/wwwroot/xiechengfuwu.cn/vendor/fruitcake/laravel-cors/src/HandleCors.php(37): Illuminate\Pipeline\Pipeline->Illuminate\Pipeline\{closure}(Object(Dingo\Api\Http\Request))
#27 /home/wwwroot/xiechengfuwu.cn/vendor/laravel/framework/src/Illuminate/Pipeline/Pipeline.php(171): Fruitcake\Cors\HandleCors->handle(Object(Dingo\Api\Http\Request), Object(Closure))
#28 /home/wwwroot/xiechengfuwu.cn/vendor/laravel/framework/src/Illuminate/Foundation/Http/Middleware/TransformsRequest.php(21): Illuminate\Pipeline\Pipeline->Illuminate\Pipeline\{closure}(Object(Dingo\Api\Http\Request))
#29 /home/wwwroot/xiechengfuwu.cn/vendor/laravel/framework/src/Illuminate/Pipeline/Pipeline.php(171): Illuminate\Foundation\Http\Middleware\TransformsRequest->handle(Object(Dingo\Api\Http\Request), Object(Closure))
#30 /home/wwwroot/xiechengfuwu.cn/vendor/laravel/framework/src/Illuminate/Foundation/Http/Middleware/TransformsRequest.php(21): Illuminate\Pipeline\Pipeline->Illuminate\Pipeline\{closure}(Object(Dingo\Api\Http\Request))
#31 /home/wwwroot/xiechengfuwu.cn/vendor/laravel/framework/src/Illuminate/Pipeline/Pipeline.php(171): Illuminate\Foundation\Http\Middleware\TransformsRequest->handle(Object(Dingo\Api\Http\Request), Object(Closure))
#32 /home/wwwroot/xiechengfuwu.cn/vendor/laravel/framework/src/Illuminate/Foundation/Http/Middleware/ValidatePostSize.php(27): Illuminate\Pipeline\Pipeline->Illuminate\Pipeline\{closure}(Object(Dingo\Api\Http\Request))
#33 /home/wwwroot/xiechengfuwu.cn/vendor/laravel/framework/src/Illuminate/Pipeline/Pipeline.php(171): Illuminate\Foundation\Http\Middleware\ValidatePostSize->handle(Object(Dingo\Api\Http\Request), Object(Closure))
#34 /home/wwwroot/xiechengfuwu.cn/vendor/laravel/framework/src/Illuminate/Foundation/Http/Middleware/CheckForMaintenanceMode.php(63): Illuminate\Pipeline\Pipeline->Illuminate\Pipeline\{closure}(Object(Dingo\Api\Http\Request))
#35 /home/wwwroot/xiechengfuwu.cn/vendor/laravel/framework/src/Illuminate/Pipeline/Pipeline.php(171): Illuminate\Foundation\Http\Middleware\CheckForMaintenanceMode->handle(Object(Dingo\Api\Http\Request), Object(Closure))
#36 /home/wwwroot/xiechengfuwu.cn/vendor/fideloper/proxy/src/TrustProxies.php(57): Illuminate\Pipeline\Pipeline->Illuminate\Pipeline\{closure}(Object(Dingo\Api\Http\Request))
#37 /home/wwwroot/xiechengfuwu.cn/vendor/laravel/framework/src/Illuminate/Pipeline/Pipeline.php(171): Fideloper\Proxy\TrustProxies->handle(Object(Dingo\Api\Http\Request), Object(Closure))
#38 /home/wwwroot/xiechengfuwu.cn/vendor/laravel/framework/src/Illuminate/Pipeline/Pipeline.php(105): Illuminate\Pipeline\Pipeline->Illuminate\Pipeline\{closure}(Object(Dingo\Api\Http\Request))
#39 /home/wwwroot/xiechengfuwu.cn/vendor/dingo/api/src/Http/Middleware/Request.php(127): Illuminate\Pipeline\Pipeline->then(Object(Closure))
#40 /home/wwwroot/xiechengfuwu.cn/vendor/dingo/api/src/Http/Middleware/Request.php(103): Dingo\Api\Http\Middleware\Request->sendRequestThroughRouter(Object(Dingo\Api\Http\Request))
#41 /home/wwwroot/xiechengfuwu.cn/vendor/laravel/framework/src/Illuminate/Pipeline/Pipeline.php(171): Dingo\Api\Http\Middleware\Request->handle(Object(Dingo\Api\Http\Request), Object(Closure))
#42 /home/wwwroot/xiechengfuwu.cn/vendor/laravel/framework/src/Illuminate/Pipeline/Pipeline.php(105): Illuminate\Pipeline\Pipeline->Illuminate\Pipeline\{closure}(Object(Illuminate\Http\Request))
#43 /home/wwwroot/xiechengfuwu.cn/vendor/laravel/framework/src/Illuminate/Foundation/Http/Kernel.php(145): Illuminate\Pipeline\Pipeline->then(Object(Closure))
#44 /home/wwwroot/xiechengfuwu.cn/vendor/laravel/framework/src/Illuminate/Foundation/Http/Kernel.php(110): Illuminate\Foundation\Http\Kernel->sendRequestThroughRouter(Object(Illuminate\Http\Request))
#45 /home/wwwroot/xiechengfuwu.cn/public/index.php(55): Illuminate\Foundation\Http\Kernel->handle(Object(Illuminate\Http\Request))
#46 {main} ["App\\Http\\Controllers\\Api\\V1\\ScanController::identify"] 
[2020-05-29 17:44:16] local.ERROR: ErrorException: Undefined offset: 0 in /home/wwwroot/xiechengfuwu.cn/app/Services/IdentifyServices.php:286
Stack trace:
#0 /home/wwwroot/xiechengfuwu.cn/app/Services/IdentifyServices.php(286): Illuminate\Foundation\Bootstrap\HandleExceptions->handleError(8, 'Undefined offse...', '/home/wwwroot/x...', 286, Array)
#1 /home/wwwroot/xiechengfuwu.cn/app/Services/IdentifyServices.php(470): App\Services\IdentifyServices->getClearZero(Array)
#2 /home/wwwroot/xiechengfuwu.cn/app/Services/GenerateServices.php(66): App\Services\IdentifyServices->getLine()
#3 /home/wwwroot/xiechengfuwu.cn/app/Http/Controllers/Api/V1/ScanController.php(61): App\Services\GenerateServices::parsePicture('/9j/4AAQSkZJRgA...')
#4 [internal function]: App\Http\Controllers\Api\V1\ScanController->identify(Object(Dingo\Api\Http\Request))
#5 /home/wwwroot/xiechengfuwu.cn/vendor/laravel/framework/src/Illuminate/Routing/Controller.php(54): call_user_func_array(Array, Array)
#6 /home/wwwroot/xiechengfuwu.cn/vendor/laravel/framework/src/Illuminate/Routing/ControllerDispatcher.php(45): Illuminate\Routing\Controller->callAction('identify', Array)
#7 /home/wwwroot/xiechengfuwu.cn/vendor/laravel/framework/src/Illuminate/Routing/Route.php(219): Illuminate\Routing\ControllerDispatcher->dispatch(Object(Illuminate\Routing\Route), Object(App\Http\Controllers\Api\V1\ScanController), 'identify')
#8 /home/wwwroot/xiechengfuwu.cn/vendor/laravel/framework/src/Illuminate/Routing/Route.php(176): Illuminate\Routing\Route->runController()
#9 /home/wwwroot/xiechengfuwu.cn/vendor/laravel/framework/src/Illuminate/Routing/Router.php(681): Illuminate\Routing\Route->run()
#10 /home/wwwroot/xiechengfuwu.cn/vendor/laravel/framework/src/Illuminate/Pipeline/Pipeline.php(130): Illuminate\Routing\Router->Illuminate\Routing\{closure}(Object(Dingo\Api\Http\Request))
#11 /home/wwwroot/xiechengfuwu.cn/app/Http/Middleware/RefreshToken.php(31): Illuminate\Pipeline\Pipeline->Illuminate\Pipeline\{closure}(Object(Dingo\Api\Http\Request))
#12 /home/wwwroot/xiechengfuwu.cn/vendor/laravel/framework/src/Illuminate/Pipeline/Pipeline.php(171): App\Http\Middleware\RefreshToken->handle(Object(Dingo\Api\Http\Request), Object(Closure))
#13 /home/wwwroot/xiechengfuwu.cn/vendor/dingo/api/src/Http/Middleware/PrepareController.php(45): Illuminate\Pipeline\Pipeline->Illuminate\Pipeline\{closure}(Object(Dingo\Api\Http\Request))
#14 /home/wwwroot/xiechengfuwu.cn/vendor/laravel/framework/src/Illuminate/Pipeline/Pipeline.php(171): Dingo\Api\Http\Middleware\PrepareController->handle(Object(Dingo\Api\Http\Request), Object(Closure))
#15 /home/wwwroot/xiechengfuwu.cn/vendor/laravel/framework/src/Illuminate/Pipeline/Pipeline.php(105): Illuminate\Pipeline\Pipeline->Illuminate\Pipeline\{closure}(Object(Dingo\Api\Http\Request))
#16 /home/wwwroot/xiechengfuwu.cn/vendor/laravel/framework/src/Illuminate/Routing/Router.php(683): Illuminate\Pipeline\Pipeline->then(Object(Closure))
#17 /home/wwwroot/xiechengfuwu.cn/vendor/laravel/framework/src/Illuminate/Routing/Router.php(658): Illuminate\Routing\Router->runRouteWithinStack(Object(Illuminate\Routing\Route), Object(Dingo\Api\Http\Request))
#18 /home/wwwroot/xiechengfuwu.cn/vendor/laravel/framework/src/Illuminate/Routing/Router.php(624): Illuminate\Routing\Router->runRoute(Object(Dingo\Api\Http\Request), Object(Illuminate\Routing\Route))
#19 /home/wwwroot/xiechengfuwu.cn/vendor/laravel/framework/src/Illuminate/Routing/Router.php(613): Illuminate\Routing\Router->dispatchToRoute(Object(Dingo\Api\Http\Request))
#20 /home/wwwroot/xiechengfuwu.cn/vendor/dingo/api/src/Routing/Adapter/Laravel.php(88): Illuminate\Routing\Router->dispatch(Object(Dingo\Api\Http\Request))
#21 /home/wwwroot/xiechengfuwu.cn/vendor/dingo/api/src/Routing/Router.php(518): Dingo\Api\Routing\Adapter\Laravel->dispatch(Object(Dingo\Api\Http\Request), 'v1')
#22 /home/wwwroot/xiechengfuwu.cn/vendor/dingo/api/src/Http/Middleware/Request.php(126): Dingo\Api\Routing\Router->dispatch(Object(Dingo\Api\Http\Request))
#23 /home/wwwroot/xiechengfuwu.cn/vendor/laravel/framework/src/Illuminate/Pipeline/Pipeline.php(130): Dingo\Api\Http\Middleware\Request->Dingo\Api\Http\Middleware\{closure}(Object(Dingo\Api\Http\Request))
#24 /home/wwwroot/xiechengfuwu.cn/vendor/barryvdh/laravel-debugbar/src/Middleware/InjectDebugbar.php(58): Illuminate\Pipeline\Pipeline->Illuminate\Pipeline\{closure}(Object(Dingo\Api\Http\Request))
#25 /home/wwwroot/xiechengfuwu.cn/vendor/laravel/framework/src/Illuminate/Pipeline/Pipeline.php(171): Barryvdh\Debugbar\Middleware\InjectDebugbar->handle(Object(Dingo\Api\Http\Request), Object(Closure))
#26 /home/wwwroot/xiechengfuwu.cn/vendor/fruitcake/laravel-cors/src/HandleCors.php(37): Illuminate\Pipeline\Pipeline->Illuminate\Pipeline\{closure}(Object(Dingo\Api\Http\Request))
#27 /home/wwwroot/xiechengfuwu.cn/vendor/laravel/framework/src/Illuminate/Pipeline/Pipeline.php(171): Fruitcake\Cors\HandleCors->handle(Object(Dingo\Api\Http\Request), Object(Closure))
#28 /home/wwwroot/xiechengfuwu.cn/vendor/laravel/framework/src/Illuminate/Foundation/Http/Middleware/TransformsRequest.php(21): Illuminate\Pipeline\Pipeline->Illuminate\Pipeline\{closure}(Object(Dingo\Api\Http\Request))
#29 /home/wwwroot/xiechengfuwu.cn/vendor/laravel/framework/src/Illuminate/Pipeline/Pipeline.php(171): Illuminate\Foundation\Http\Middleware\TransformsRequest->handle(Object(Dingo\Api\Http\Request), Object(Closure))
#30 /home/wwwroot/xiechengfuwu.cn/vendor/laravel/framework/src/Illuminate/Foundation/Http/Middleware/TransformsRequest.php(21): Illuminate\Pipeline\Pipeline->Illuminate\Pipeline\{closure}(Object(Dingo\Api\Http\Request))
#31 /home/wwwroot/xiechengfuwu.cn/vendor/laravel/framework/src/Illuminate/Pipeline/Pipeline.php(171): Illuminate\Foundation\Http\Middleware\TransformsRequest->handle(Object(Dingo\Api\Http\Request), Object(Closure))
#32 /home/wwwroot/xiechengfuwu.cn/vendor/laravel/framework/src/Illuminate/Foundation/Http/Middleware/ValidatePostSize.php(27): Illuminate\Pipeline\Pipeline->Illuminate\Pipeline\{closure}(Object(Dingo\Api\Http\Request))
#33 /home/wwwroot/xiechengfuwu.cn/vendor/laravel/framework/src/Illuminate/Pipeline/Pipeline.php(171): Illuminate\Foundation\Http\Middleware\ValidatePostSize->handle(Object(Dingo\Api\Http\Request), Object(Closure))
#34 /home/wwwroot/xiechengfuwu.cn/vendor/laravel/framework/src/Illuminate/Foundation/Http/Middleware/CheckForMaintenanceMode.php(63): Illuminate\Pipeline\Pipeline->Illuminate\Pipeline\{closure}(Object(Dingo\Api\Http\Request))
#35 /home/wwwroot/xiechengfuwu.cn/vendor/laravel/framework/src/Illuminate/Pipeline/Pipeline.php(171): Illuminate\Foundation\Http\Middleware\CheckForMaintenanceMode->handle(Object(Dingo\Api\Http\Request), Object(Closure))
#36 /home/wwwroot/xiechengfuwu.cn/vendor/fideloper/proxy/src/TrustProxies.php(57): Illuminate\Pipeline\Pipeline->Illuminate\Pipeline\{closure}(Object(Dingo\Api\Http\Request))
#37 /home/wwwroot/xiechengfuwu.cn/vendor/laravel/framework/src/Illuminate/Pipeline/Pipeline.php(171): Fideloper\Proxy\TrustProxies->handle(Object(Dingo\Api\Http\Request), Object(Closure))
#38 /home/wwwroot/xiechengfuwu.cn/vendor/laravel/framework/src/Illuminate/Pipeline/Pipeline.php(105): Illuminate\Pipeline\Pipeline->Illuminate\Pipeline\{closure}(Object(Dingo\Api\Http\Request))
#39 /home/wwwroot/xiechengfuwu.cn/vendor/dingo/api/src/Http/Middleware/Request.php(127): Illuminate\Pipeline\Pipeline->then(Object(Closure))
#40 /home/wwwroot/xiechengfuwu.cn/vendor/dingo/api/src/Http/Middleware/Request.php(103): Dingo\Api\Http\Middleware\Request->sendRequestThroughRouter(Object(Dingo\Api\Http\Request))
#41 /home/wwwroot/xiechengfuwu.cn/vendor/laravel/framework/src/Illuminate/Pipeline/Pipeline.php(171): Dingo\Api\Http\Middleware\Request->handle(Object(Dingo\Api\Http\Request), Object(Closure))
#42 /home/wwwroot/xiechengfuwu.cn/vendor/laravel/framework/src/Illuminate/Pipeline/Pipeline.php(105): Illuminate\Pipeline\Pipeline->Illuminate\Pipeline\{closure}(Object(Illuminate\Http\Request))
#43 /home/wwwroot/xiechengfuwu.cn/vendor/laravel/framework/src/Illuminate/Foundation/Http/Kernel.php(145): Illuminate\Pipeline\Pipeline->then(Object(Closure))
#44 /home/wwwroot/xiechengfuwu.cn/vendor/laravel/framework/src/Illuminate/Foundation/Http/Kernel.php(110): Illuminate\Foundation\Http\Kernel->sendRequestThroughRouter(Object(Illuminate\Http\Request))
#45 /home/wwwroot/xiechengfuwu.cn/public/index.php(55): Illuminate\Foundation\Http\Kernel->handle(Object(Illuminate\Http\Request))
#46 {main} ["App\\Http\\Controllers\\Api\\V1\\ScanController::identify"] 
